19/09/2019 09:47:00  INFO [           main] b.c.s.a.s.c.TestNgSuiteRunner : ------------------------ Início da execução ------------------------
19/09/2019 09:47:00  INFO [           main] b.c.s.a.s.c.TestNgSuiteRunner : Gerando suíte para execução local...
19/09/2019 09:48:46  INFO [           main] b.c.s.a.s.c.TestNgSuiteRunner : ------------------------ Início da execução ------------------------
19/09/2019 09:48:46  INFO [           main] b.c.s.a.s.c.TestNgSuiteRunner : Gerando suíte para execução local...
19/09/2019 09:49:42  INFO [           main] b.c.s.a.s.c.TestNgSuiteRunner : ------------------------ Início da execução ------------------------
19/09/2019 09:49:42  INFO [           main] b.c.s.a.s.c.TestNgSuiteRunner : Gerando suíte para execução local...
19/09/2019 09:52:12  INFO [           main] b.c.s.a.s.l.SuiteListener : Finalizando a suíte de teste...
19/09/2019 09:52:12  INFO [           main] b.c.s.a.s.c.LoopRunner : LOOP=false
19/09/2019 09:58:31  INFO [           main] b.c.s.a.s.c.TestNgSuiteRunner : ------------------------ Início da execução ------------------------
19/09/2019 09:58:31  INFO [           main] b.c.s.a.s.c.TestNgSuiteRunner : Gerando suíte para execução local...
19/09/2019 11:34:40  INFO [           main] b.c.s.a.s.c.TestNgSuiteRunner : ------------------------ Início da execução ------------------------
19/09/2019 11:34:40  INFO [           main] b.c.s.a.s.c.TestNgSuiteRunner : Gerando suíte para execução local...
19/09/2019 11:43:12  INFO [           main] b.c.s.a.s.c.TestNgSuiteRunner : ------------------------ Início da execução ------------------------
19/09/2019 11:43:12  INFO [           main] b.c.s.a.s.c.TestNgSuiteRunner : Gerando suíte para execução local...
19/09/2019 11:46:43  INFO [           main] b.c.s.a.s.c.TestNgSuiteRunner : ------------------------ Início da execução ------------------------
19/09/2019 11:46:43  INFO [           main] b.c.s.a.s.c.TestNgSuiteRunner : Gerando suíte para execução local...
19/09/2019 11:47:22  INFO [           main] b.c.s.a.s.c.TestNgSuiteRunner : ------------------------ Início da execução ------------------------
19/09/2019 11:47:22  INFO [           main] b.c.s.a.s.c.TestNgSuiteRunner : Gerando suíte para execução local...
19/09/2019 11:56:00  INFO [           main] b.c.s.a.s.c.TestNgSuiteRunner : ------------------------ Início da execução ------------------------
19/09/2019 11:56:00  INFO [           main] b.c.s.a.s.c.TestNgSuiteRunner : Gerando suíte para execução local...
19/09/2019 11:56:26 ERROR [           main] b.c.s.a.s.ExcelUtils : Erro ao abrir a pasta de Excel em '.dados\Arquivo de massa CRL 2.xlsm' ...
19/09/2019 11:56:28  INFO [           main] b.c.s.a.s.l.SuiteListener : Finalizando a suíte de teste...
19/09/2019 11:56:28  INFO [           main] b.c.s.a.s.c.LoopRunner : LOOP=false
19/09/2019 11:57:27  INFO [           main] b.c.s.a.s.c.TestNgSuiteRunner : ------------------------ Início da execução ------------------------
19/09/2019 11:57:27  INFO [           main] b.c.s.a.s.c.TestNgSuiteRunner : Gerando suíte para execução local...
19/09/2019 11:59:46  INFO [           main] b.c.s.a.s.c.TestNgSuiteRunner : ------------------------ Início da execução ------------------------
19/09/2019 11:59:46  INFO [           main] b.c.s.a.s.c.TestNgSuiteRunner : Gerando suíte para execução local...
19/09/2019 12:02:56  INFO [           main] b.c.s.a.s.c.TestNgSuiteRunner : ------------------------ Início da execução ------------------------
19/09/2019 12:02:56  INFO [           main] b.c.s.a.s.c.TestNgSuiteRunner : Gerando suíte para execução local...
19/09/2019 12:07:02  INFO [           main] b.c.s.a.s.c.TestNgSuiteRunner : ------------------------ Início da execução ------------------------
19/09/2019 12:07:02  INFO [           main] b.c.s.a.s.c.TestNgSuiteRunner : Gerando suíte para execução local...
19/09/2019 12:07:40 ERROR [           main] b.c.s.a.s.ExcelUtils : Erro ao abrir a pasta de Excel em '.dados\Arquivo de massa CRL 2.xlsm' ...
19/09/2019 12:07:43  INFO [           main] b.c.s.a.s.l.SuiteListener : Finalizando a suíte de teste...
19/09/2019 12:07:43  INFO [           main] b.c.s.a.s.c.LoopRunner : LOOP=false
19/09/2019 12:08:34  INFO [           main] b.c.s.a.s.c.TestNgSuiteRunner : ------------------------ Início da execução ------------------------
19/09/2019 12:08:34  INFO [           main] b.c.s.a.s.c.TestNgSuiteRunner : Gerando suíte para execução local...
19/09/2019 12:09:17 ERROR [           main] b.c.s.a.s.ExcelUtils : Erro ao abrir a pasta de Excel em '.dados\Arquivo de massa CRL 2.xlsm' ...
19/09/2019 12:09:22  INFO [           main] b.c.s.a.s.l.SuiteListener : Finalizando a suíte de teste...
19/09/2019 12:09:22  INFO [           main] b.c.s.a.s.c.LoopRunner : LOOP=false
19/09/2019 13:45:33  INFO [           main] b.c.s.a.s.c.TestNgSuiteRunner : ------------------------ Início da execução ------------------------
19/09/2019 13:45:33  INFO [           main] b.c.s.a.s.c.TestNgSuiteRunner : Gerando suíte para execução local...
19/09/2019 13:47:19  INFO [           main] b.c.s.a.s.l.SuiteListener : Finalizando a suíte de teste...
19/09/2019 13:47:19  INFO [           main] b.c.s.a.s.c.LoopRunner : LOOP=false
19/09/2019 16:33:00  INFO [           main] b.c.s.a.s.c.TestNgSuiteRunner : ------------------------ Início da execução ------------------------
19/09/2019 16:33:00  INFO [           main] b.c.s.a.s.c.TestNgSuiteRunner : Gerando suíte para execução local...
19/09/2019 17:15:47  INFO [           main] b.c.s.a.s.c.TestNgSuiteRunner : ------------------------ Início da execução ------------------------
19/09/2019 17:15:47  INFO [           main] b.c.s.a.s.c.TestNgSuiteRunner : Gerando suíte para execução local...
19/09/2019 17:36:50  INFO [           main] b.c.s.a.s.c.TestNgSuiteRunner : ------------------------ Início da execução ------------------------
19/09/2019 17:36:50  INFO [           main] b.c.s.a.s.c.TestNgSuiteRunner : Gerando suíte para execução local...
19/09/2019 17:38:52  INFO [           main] b.c.s.a.s.c.TestNgSuiteRunner : ------------------------ Início da execução ------------------------
19/09/2019 17:38:52  INFO [           main] b.c.s.a.s.c.TestNgSuiteRunner : Gerando suíte para execução local...
19/09/2019 17:41:24  INFO [           main] b.c.s.a.s.c.TestNgSuiteRunner : ------------------------ Início da execução ------------------------
19/09/2019 17:41:24  INFO [           main] b.c.s.a.s.c.TestNgSuiteRunner : Gerando suíte para execução local...
19/09/2019 17:42:45  INFO [           main] b.c.s.a.s.c.TestNgSuiteRunner : ------------------------ Início da execução ------------------------
19/09/2019 17:42:45  INFO [           main] b.c.s.a.s.c.TestNgSuiteRunner : Gerando suíte para execução local...
19/09/2019 17:44:42  INFO [           main] b.c.s.a.s.c.TestNgSuiteRunner : ------------------------ Início da execução ------------------------
19/09/2019 17:44:42  INFO [           main] b.c.s.a.s.c.TestNgSuiteRunner : Gerando suíte para execução local...
19/09/2019 17:46:21  INFO [           main] b.c.s.a.s.l.SuiteListener : Finalizando a suíte de teste...
19/09/2019 17:46:21  INFO [           main] b.c.s.a.s.c.LoopRunner : LOOP=false
19/09/2019 19:40:23  INFO [           main] b.c.s.a.s.c.TestNgSuiteRunner : ------------------------ Início da execução ------------------------
19/09/2019 19:40:23  INFO [           main] b.c.s.a.s.c.TestNgSuiteRunner : Gerando suíte para execução local...
