05/09/2019 15:26:47  INFO [           main] b.c.s.a.s.c.TestNgSuiteRunner : ------------------------ Início da execução ------------------------
05/09/2019 15:26:47  INFO [           main] b.c.s.a.s.c.TestNgSuiteRunner : Gerando suíte para execução local...
05/09/2019 15:26:56  INFO [           main] b.c.s.a.s.l.TestListener : Teste Test_0001_AberturaECredenciamento teve sucesso ...
05/09/2019 15:26:56  INFO [           main] b.c.s.a.s.l.SuiteListener : Finalizando a suíte de teste...
05/09/2019 15:26:56  INFO [           main] b.c.s.a.s.c.LoopRunner : LOOP=false
05/09/2019 16:00:08  INFO [           main] b.c.s.a.s.c.TestNgSuiteRunner : ------------------------ Início da execução ------------------------
05/09/2019 16:00:08  INFO [           main] b.c.s.a.s.c.TestNgSuiteRunner : Gerando suíte para execução local...
05/09/2019 16:00:08  INFO [           main] b.c.s.a.s.l.TestListener : Teste Test_0001_AberturaECredenciamento foi pulado ...
05/09/2019 16:00:08  INFO [           main] b.c.s.a.s.l.SuiteListener : Finalizando a suíte de teste...
05/09/2019 16:00:08  INFO [           main] b.c.s.a.s.c.LoopRunner : LOOP=false
05/09/2019 16:00:31  INFO [           main] b.c.s.a.s.c.TestNgSuiteRunner : ------------------------ Início da execução ------------------------
05/09/2019 16:00:31  INFO [           main] b.c.s.a.s.c.TestNgSuiteRunner : Gerando suíte para execução local...
05/09/2019 16:00:40  INFO [           main] b.c.s.a.s.l.TestListener : Teste Test_0001_AberturaECredenciamento falhou ...
05/09/2019 16:00:40  INFO [           main] b.c.s.a.s.l.SuiteListener : Finalizando a suíte de teste...
05/09/2019 16:00:41  INFO [           main] b.c.s.a.s.c.LoopRunner : LOOP=false
05/09/2019 16:01:15  INFO [           main] b.c.s.a.s.c.TestNgSuiteRunner : ------------------------ Início da execução ------------------------
05/09/2019 16:01:15  INFO [           main] b.c.s.a.s.c.TestNgSuiteRunner : Gerando suíte para execução local...
05/09/2019 16:01:25  INFO [           main] b.c.s.a.s.l.TestListener : Teste Test_0001_AberturaECredenciamento falhou ...
05/09/2019 16:01:25  INFO [           main] b.c.s.a.s.l.SuiteListener : Finalizando a suíte de teste...
05/09/2019 16:01:25  INFO [           main] b.c.s.a.s.c.LoopRunner : LOOP=false
05/09/2019 16:02:04  INFO [           main] b.c.s.a.s.c.TestNgSuiteRunner : ------------------------ Início da execução ------------------------
05/09/2019 16:02:04  INFO [           main] b.c.s.a.s.c.TestNgSuiteRunner : Gerando suíte para execução local...
05/09/2019 16:02:26  INFO [           main] b.c.s.a.s.l.TestListener : Teste Test_0001_AberturaECredenciamento falhou ...
05/09/2019 16:02:26  INFO [           main] b.c.s.a.s.l.SuiteListener : Finalizando a suíte de teste...
05/09/2019 16:02:26  INFO [           main] b.c.s.a.s.c.LoopRunner : LOOP=false
05/09/2019 16:02:37  INFO [           main] b.c.s.a.s.c.TestNgSuiteRunner : ------------------------ Início da execução ------------------------
05/09/2019 16:02:37  INFO [           main] b.c.s.a.s.c.TestNgSuiteRunner : Gerando suíte para execução local...
05/09/2019 16:02:47  INFO [           main] b.c.s.a.s.l.TestListener : Teste Test_0001_AberturaECredenciamento falhou ...
05/09/2019 16:02:47  INFO [           main] b.c.s.a.s.l.SuiteListener : Finalizando a suíte de teste...
05/09/2019 16:02:47  INFO [           main] b.c.s.a.s.c.LoopRunner : LOOP=false
05/09/2019 16:04:32  INFO [           main] b.c.s.a.s.c.TestNgSuiteRunner : ------------------------ Início da execução ------------------------
05/09/2019 16:04:32  INFO [           main] b.c.s.a.s.c.TestNgSuiteRunner : Gerando suíte para execução local...
05/09/2019 16:04:42  INFO [           main] b.c.s.a.s.l.TestListener : Teste Test_0001_AberturaECredenciamento falhou ...
05/09/2019 16:04:42  INFO [           main] b.c.s.a.s.l.SuiteListener : Finalizando a suíte de teste...
05/09/2019 16:04:42  INFO [           main] b.c.s.a.s.c.LoopRunner : LOOP=false
05/09/2019 16:05:28  INFO [           main] b.c.s.a.s.c.TestNgSuiteRunner : ------------------------ Início da execução ------------------------
05/09/2019 16:05:28  INFO [           main] b.c.s.a.s.c.TestNgSuiteRunner : Gerando suíte para execução local...
05/09/2019 16:09:25  INFO [           main] b.c.s.a.s.c.TestNgSuiteRunner : ------------------------ Início da execução ------------------------
05/09/2019 16:09:25  INFO [           main] b.c.s.a.s.c.TestNgSuiteRunner : Gerando suíte para execução local...
05/09/2019 16:09:35  INFO [           main] b.c.s.a.s.l.TestListener : Teste Test_0001_AberturaECredenciamento falhou ...
05/09/2019 16:09:35  INFO [           main] b.c.s.a.s.l.SuiteListener : Finalizando a suíte de teste...
05/09/2019 16:09:35  INFO [           main] b.c.s.a.s.c.LoopRunner : LOOP=false
05/09/2019 16:21:08  INFO [           main] b.c.s.a.s.c.TestNgSuiteRunner : ------------------------ Início da execução ------------------------
05/09/2019 16:21:08  INFO [           main] b.c.s.a.s.c.TestNgSuiteRunner : Gerando suíte para execução local...
05/09/2019 16:21:19  INFO [           main] b.c.s.a.s.l.TestListener : Teste Test_0001_AberturaECredenciamento teve sucesso ...
05/09/2019 16:21:19  INFO [           main] b.c.s.a.s.l.SuiteListener : Finalizando a suíte de teste...
05/09/2019 16:21:19  INFO [           main] b.c.s.a.s.c.LoopRunner : LOOP=false
05/09/2019 17:35:06  INFO [           main] b.c.s.a.s.c.TestNgSuiteRunner : ------------------------ Início da execução ------------------------
05/09/2019 17:35:06  INFO [           main] b.c.s.a.s.c.TestNgSuiteRunner : Gerando suíte para execução local...
05/09/2019 17:35:07  INFO [           main] b.c.s.a.s.l.TestListener : Teste Test_0001_AberturaECredenciamento foi pulado ...
05/09/2019 17:35:07  INFO [           main] b.c.s.a.s.l.SuiteListener : Finalizando a suíte de teste...
05/09/2019 17:35:07  INFO [           main] b.c.s.a.s.c.LoopRunner : LOOP=false
05/09/2019 17:36:25  INFO [           main] b.c.s.a.s.c.TestNgSuiteRunner : ------------------------ Início da execução ------------------------
05/09/2019 17:36:25  INFO [           main] b.c.s.a.s.c.TestNgSuiteRunner : Gerando suíte para execução local...
05/09/2019 17:36:26  INFO [           main] b.c.s.a.s.l.TestListener : Teste Test_0001_AberturaECredenciamento foi pulado ...
05/09/2019 17:36:26  INFO [           main] b.c.s.a.s.l.SuiteListener : Finalizando a suíte de teste...
05/09/2019 17:36:26  INFO [           main] b.c.s.a.s.c.LoopRunner : LOOP=false
05/09/2019 17:37:01  INFO [           main] b.c.s.a.s.c.TestNgSuiteRunner : ------------------------ Início da execução ------------------------
05/09/2019 17:37:01  INFO [           main] b.c.s.a.s.c.TestNgSuiteRunner : Gerando suíte para execução local...
05/09/2019 17:39:25  INFO [           main] b.c.s.a.s.c.TestNgSuiteRunner : ------------------------ Início da execução ------------------------
05/09/2019 17:39:26  INFO [           main] b.c.s.a.s.c.TestNgSuiteRunner : Gerando suíte para execução local...
05/09/2019 17:39:37  INFO [           main] b.c.s.a.s.l.TestListener : Teste Test_0001_AberturaECredenciamento teve sucesso ...
05/09/2019 17:39:37  INFO [           main] b.c.s.a.s.l.SuiteListener : Finalizando a suíte de teste...
05/09/2019 17:39:37  INFO [           main] b.c.s.a.s.c.LoopRunner : LOOP=false
05/09/2019 17:40:33  INFO [           main] b.c.s.a.s.c.TestNgSuiteRunner : ------------------------ Início da execução ------------------------
05/09/2019 17:40:33  INFO [           main] b.c.s.a.s.c.TestNgSuiteRunner : Gerando suíte para execução local...
05/09/2019 17:40:33  INFO [           main] b.c.s.a.s.l.TestListener : Teste Test_0001_AberturaECredenciamento foi pulado ...
05/09/2019 17:40:33  INFO [           main] b.c.s.a.s.l.SuiteListener : Finalizando a suíte de teste...
05/09/2019 17:40:33  INFO [           main] b.c.s.a.s.c.LoopRunner : LOOP=false
05/09/2019 17:40:50  INFO [           main] b.c.s.a.s.c.TestNgSuiteRunner : ------------------------ Início da execução ------------------------
05/09/2019 17:40:50  INFO [           main] b.c.s.a.s.c.TestNgSuiteRunner : Gerando suíte para execução local...
05/09/2019 17:40:50  INFO [           main] b.c.s.a.s.l.TestListener : Teste Test_0001_AberturaECredenciamento foi pulado ...
05/09/2019 17:40:50  INFO [           main] b.c.s.a.s.l.SuiteListener : Finalizando a suíte de teste...
05/09/2019 17:40:50  INFO [           main] b.c.s.a.s.c.LoopRunner : LOOP=false
05/09/2019 17:41:06  INFO [           main] b.c.s.a.s.c.TestNgSuiteRunner : ------------------------ Início da execução ------------------------
05/09/2019 17:41:06  INFO [           main] b.c.s.a.s.c.TestNgSuiteRunner : Gerando suíte para execução local...
05/09/2019 17:41:07  INFO [           main] b.c.s.a.s.l.TestListener : Teste Test_0001_AberturaECredenciamento foi pulado ...
05/09/2019 17:41:07  INFO [           main] b.c.s.a.s.l.SuiteListener : Finalizando a suíte de teste...
05/09/2019 17:41:07  INFO [           main] b.c.s.a.s.c.LoopRunner : LOOP=false
05/09/2019 17:41:26  INFO [           main] b.c.s.a.s.c.TestNgSuiteRunner : ------------------------ Início da execução ------------------------
05/09/2019 17:41:26  INFO [           main] b.c.s.a.s.c.TestNgSuiteRunner : Gerando suíte para execução local...
05/09/2019 17:41:45  INFO [           main] b.c.s.a.s.c.TestNgSuiteRunner : ------------------------ Início da execução ------------------------
05/09/2019 17:41:45  INFO [           main] b.c.s.a.s.c.TestNgSuiteRunner : Gerando suíte para execução local...
05/09/2019 17:41:46  INFO [           main] b.c.s.a.s.l.TestListener : Teste Test_0001_AberturaECredenciamento foi pulado ...
05/09/2019 17:41:46  INFO [           main] b.c.s.a.s.l.SuiteListener : Finalizando a suíte de teste...
05/09/2019 17:41:46  INFO [           main] b.c.s.a.s.c.LoopRunner : LOOP=false
05/09/2019 17:42:21  INFO [           main] b.c.s.a.s.c.TestNgSuiteRunner : ------------------------ Início da execução ------------------------
05/09/2019 17:42:21  INFO [           main] b.c.s.a.s.c.TestNgSuiteRunner : Gerando suíte para execução local...
05/09/2019 17:42:22  INFO [           main] b.c.s.a.s.l.TestListener : Teste Test_0001_AberturaECredenciamento foi pulado ...
05/09/2019 17:42:22  INFO [           main] b.c.s.a.s.l.SuiteListener : Finalizando a suíte de teste...
05/09/2019 17:42:22  INFO [           main] b.c.s.a.s.c.LoopRunner : LOOP=false
05/09/2019 17:42:51  INFO [           main] b.c.s.a.s.c.TestNgSuiteRunner : ------------------------ Início da execução ------------------------
05/09/2019 17:42:51  INFO [           main] b.c.s.a.s.c.TestNgSuiteRunner : Gerando suíte para execução local...
05/09/2019 17:42:52  INFO [           main] b.c.s.a.s.l.TestListener : Teste Test_0001_AberturaECredenciamento foi pulado ...
05/09/2019 17:42:52  INFO [           main] b.c.s.a.s.l.SuiteListener : Finalizando a suíte de teste...
05/09/2019 17:42:52  INFO [           main] b.c.s.a.s.c.LoopRunner : LOOP=false
05/09/2019 17:43:03  INFO [           main] b.c.s.a.s.c.TestNgSuiteRunner : ------------------------ Início da execução ------------------------
05/09/2019 17:43:03  INFO [           main] b.c.s.a.s.c.TestNgSuiteRunner : Gerando suíte para execução local...
05/09/2019 17:45:42  INFO [           main] b.c.s.a.s.c.TestNgSuiteRunner : ------------------------ Início da execução ------------------------
05/09/2019 17:45:42  INFO [           main] b.c.s.a.s.c.TestNgSuiteRunner : Gerando suíte para execução local...
05/09/2019 17:46:00  INFO [           main] b.c.s.a.s.l.TestListener : Teste Test_0001_AberturaECredenciamento teve sucesso ...
05/09/2019 17:46:01  INFO [           main] b.c.s.a.s.l.SuiteListener : Finalizando a suíte de teste...
05/09/2019 17:46:01  INFO [           main] b.c.s.a.s.c.LoopRunner : LOOP=false
05/09/2019 18:09:38  INFO [           main] b.c.s.a.s.c.TestNgSuiteRunner : ------------------------ Início da execução ------------------------
05/09/2019 18:09:38  INFO [           main] b.c.s.a.s.c.TestNgSuiteRunner : Gerando suíte para execução local...
05/09/2019 18:15:01  INFO [           main] b.c.s.a.s.c.TestNgSuiteRunner : ------------------------ Início da execução ------------------------
05/09/2019 18:15:01  INFO [           main] b.c.s.a.s.c.TestNgSuiteRunner : Gerando suíte para execução local...
05/09/2019 18:15:21  INFO [           main] b.c.s.a.s.l.TestListener : Teste Test_0001_AberturaECredenciamento teve sucesso ...
05/09/2019 18:15:22  INFO [           main] b.c.s.a.s.l.SuiteListener : Finalizando a suíte de teste...
05/09/2019 18:15:22  INFO [           main] b.c.s.a.s.c.LoopRunner : LOOP=false
05/09/2019 19:19:09  INFO [           main] b.c.s.a.s.c.TestNgSuiteRunner : ------------------------ Início da execução ------------------------
05/09/2019 19:19:09  INFO [           main] b.c.s.a.s.c.TestNgSuiteRunner : Gerando suíte para execução local...
05/09/2019 19:19:27  INFO [           main] b.c.s.a.s.l.TestListener : Teste Test_0001_AberturaECredenciamento falhou ...
05/09/2019 19:19:27  INFO [           main] b.c.s.a.s.l.SuiteListener : Finalizando a suíte de teste...
05/09/2019 19:19:27  INFO [           main] b.c.s.a.s.c.LoopRunner : LOOP=false
05/09/2019 19:30:14  INFO [           main] b.c.s.a.s.c.TestNgSuiteRunner : ------------------------ Início da execução ------------------------
05/09/2019 19:30:14  INFO [           main] b.c.s.a.s.c.TestNgSuiteRunner : Gerando suíte para execução local...
05/09/2019 19:30:40  INFO [           main] b.c.s.a.s.l.TestListener : Teste Test_0001_AberturaECredenciamento teve sucesso ...
05/09/2019 19:30:41  INFO [           main] b.c.s.a.s.l.SuiteListener : Finalizando a suíte de teste...
05/09/2019 19:30:41  INFO [           main] b.c.s.a.s.c.LoopRunner : LOOP=false
05/09/2019 19:30:51  INFO [           main] b.c.s.a.s.c.TestNgSuiteRunner : ------------------------ Início da execução ------------------------
05/09/2019 19:30:51  INFO [           main] b.c.s.a.s.c.TestNgSuiteRunner : Gerando suíte para execução local...
05/09/2019 19:31:21  INFO [           main] b.c.s.a.s.l.TestListener : Teste Test_0001_AberturaECredenciamento teve sucesso ...
05/09/2019 19:31:21  INFO [           main] b.c.s.a.s.l.SuiteListener : Finalizando a suíte de teste...
05/09/2019 19:31:21  INFO [           main] b.c.s.a.s.c.LoopRunner : LOOP=false
