06/09/2019 11:24:50  INFO [           main] b.c.s.a.s.c.TestNgSuiteRunner : ------------------------ Início da execução ------------------------
06/09/2019 11:24:50  INFO [           main] b.c.s.a.s.c.TestNgSuiteRunner : Gerando suíte para execução local...
06/09/2019 11:24:59  INFO [           main] b.c.s.a.s.l.TestListener : Teste Test_0001_AberturaECredenciamento falhou ...
06/09/2019 11:28:15  INFO [           main] b.c.s.a.s.c.TestNgSuiteRunner : ------------------------ Início da execução ------------------------
06/09/2019 11:28:15  INFO [           main] b.c.s.a.s.c.TestNgSuiteRunner : Gerando suíte para execução local...
06/09/2019 11:28:33  INFO [           main] b.c.s.a.s.l.TestListener : Teste Test_0001_AberturaECredenciamento falhou ...
06/09/2019 11:28:34  INFO [           main] b.c.s.a.s.l.SuiteListener : Finalizando a suíte de teste...
06/09/2019 11:28:34  INFO [           main] b.c.s.a.s.c.LoopRunner : LOOP=false
06/09/2019 11:28:58  INFO [           main] b.c.s.a.s.c.TestNgSuiteRunner : ------------------------ Início da execução ------------------------
06/09/2019 11:28:58  INFO [           main] b.c.s.a.s.c.TestNgSuiteRunner : Gerando suíte para execução local...
06/09/2019 11:54:34  INFO [           main] b.c.s.a.s.c.TestNgSuiteRunner : ------------------------ Início da execução ------------------------
06/09/2019 11:54:34  INFO [           main] b.c.s.a.s.c.TestNgSuiteRunner : Gerando suíte para execução local...
06/09/2019 11:54:57  INFO [           main] b.c.s.a.s.c.TestNgSuiteRunner : ------------------------ Início da execução ------------------------
06/09/2019 11:54:57  INFO [           main] b.c.s.a.s.c.TestNgSuiteRunner : Gerando suíte para execução local...
06/09/2019 11:56:25  INFO [           main] b.c.s.a.s.l.TestListener : Teste Test_0001_AberturaECredenciamento falhou ...
06/09/2019 11:56:25  INFO [           main] b.c.s.a.s.l.SuiteListener : Finalizando a suíte de teste...
06/09/2019 11:56:25  INFO [           main] b.c.s.a.s.c.LoopRunner : LOOP=false
06/09/2019 11:57:26  INFO [           main] b.c.s.a.s.c.TestNgSuiteRunner : ------------------------ Início da execução ------------------------
06/09/2019 11:57:26  INFO [           main] b.c.s.a.s.c.TestNgSuiteRunner : Gerando suíte para execução local...
06/09/2019 11:57:53  INFO [           main] b.c.s.a.s.l.TestListener : Teste Test_0001_AberturaECredenciamento falhou ...
06/09/2019 11:57:54  INFO [           main] b.c.s.a.s.l.SuiteListener : Finalizando a suíte de teste...
06/09/2019 11:57:54  INFO [           main] b.c.s.a.s.c.LoopRunner : LOOP=false
06/09/2019 11:59:06  INFO [           main] b.c.s.a.s.c.TestNgSuiteRunner : ------------------------ Início da execução ------------------------
06/09/2019 11:59:06  INFO [           main] b.c.s.a.s.c.TestNgSuiteRunner : Gerando suíte para execução local...
06/09/2019 12:00:04  INFO [           main] b.c.s.a.s.c.TestNgSuiteRunner : ------------------------ Início da execução ------------------------
06/09/2019 12:00:04  INFO [           main] b.c.s.a.s.c.TestNgSuiteRunner : Gerando suíte para execução local...
06/09/2019 12:00:41  INFO [           main] b.c.s.a.s.l.TestListener : Teste Test_0001_AberturaECredenciamento falhou ...
06/09/2019 12:00:41  INFO [           main] b.c.s.a.s.l.SuiteListener : Finalizando a suíte de teste...
06/09/2019 12:00:41  INFO [           main] b.c.s.a.s.c.LoopRunner : LOOP=false
06/09/2019 12:01:17  INFO [           main] b.c.s.a.s.c.TestNgSuiteRunner : ------------------------ Início da execução ------------------------
06/09/2019 12:01:17  INFO [           main] b.c.s.a.s.c.TestNgSuiteRunner : Gerando suíte para execução local...
06/09/2019 12:02:43  INFO [           main] b.c.s.a.s.c.TestNgSuiteRunner : ------------------------ Início da execução ------------------------
06/09/2019 12:02:43  INFO [           main] b.c.s.a.s.c.TestNgSuiteRunner : Gerando suíte para execução local...
06/09/2019 12:03:03  INFO [           main] b.c.s.a.s.l.TestListener : Teste Test_0001_AberturaECredenciamento falhou ...
06/09/2019 12:03:04  INFO [           main] b.c.s.a.s.l.SuiteListener : Finalizando a suíte de teste...
06/09/2019 12:03:04  INFO [           main] b.c.s.a.s.c.LoopRunner : LOOP=false
06/09/2019 12:03:12  INFO [           main] b.c.s.a.s.c.TestNgSuiteRunner : ------------------------ Início da execução ------------------------
06/09/2019 12:03:12  INFO [           main] b.c.s.a.s.c.TestNgSuiteRunner : Gerando suíte para execução local...
06/09/2019 12:05:01  INFO [           main] b.c.s.a.s.c.TestNgSuiteRunner : ------------------------ Início da execução ------------------------
06/09/2019 12:05:01  INFO [           main] b.c.s.a.s.c.TestNgSuiteRunner : Gerando suíte para execução local...
06/09/2019 12:06:26  INFO [           main] b.c.s.a.s.c.TestNgSuiteRunner : ------------------------ Início da execução ------------------------
06/09/2019 12:06:26  INFO [           main] b.c.s.a.s.c.TestNgSuiteRunner : Gerando suíte para execução local...
06/09/2019 12:12:25  INFO [           main] b.c.s.a.s.c.TestNgSuiteRunner : ------------------------ Início da execução ------------------------
06/09/2019 12:12:25  INFO [           main] b.c.s.a.s.c.TestNgSuiteRunner : Gerando suíte para execução local...
06/09/2019 12:12:34  INFO [           main] b.c.s.a.s.c.TestNgSuiteRunner : ------------------------ Início da execução ------------------------
06/09/2019 12:12:34  INFO [           main] b.c.s.a.s.c.TestNgSuiteRunner : Gerando suíte para execução local...
06/09/2019 12:12:51  INFO [           main] b.c.s.a.s.l.TestListener : Teste Test_0001_AberturaECredenciamento falhou ...
06/09/2019 12:12:52  INFO [           main] b.c.s.a.s.l.SuiteListener : Finalizando a suíte de teste...
06/09/2019 12:12:52  INFO [           main] b.c.s.a.s.c.LoopRunner : LOOP=false
06/09/2019 12:13:00  INFO [           main] b.c.s.a.s.c.TestNgSuiteRunner : ------------------------ Início da execução ------------------------
06/09/2019 12:13:00  INFO [           main] b.c.s.a.s.c.TestNgSuiteRunner : Gerando suíte para execução local...
06/09/2019 12:13:18  INFO [           main] b.c.s.a.s.l.TestListener : Teste Test_0001_AberturaECredenciamento falhou ...
06/09/2019 12:13:19  INFO [           main] b.c.s.a.s.l.SuiteListener : Finalizando a suíte de teste...
06/09/2019 12:13:19  INFO [           main] b.c.s.a.s.c.LoopRunner : LOOP=false
06/09/2019 12:13:27  INFO [           main] b.c.s.a.s.c.TestNgSuiteRunner : ------------------------ Início da execução ------------------------
06/09/2019 12:13:27  INFO [           main] b.c.s.a.s.c.TestNgSuiteRunner : Gerando suíte para execução local...
06/09/2019 12:14:43  INFO [           main] b.c.s.a.s.c.TestNgSuiteRunner : ------------------------ Início da execução ------------------------
06/09/2019 12:14:43  INFO [           main] b.c.s.a.s.c.TestNgSuiteRunner : Gerando suíte para execução local...
06/09/2019 12:15:06  INFO [           main] b.c.s.a.s.l.TestListener : Teste Test_0001_AberturaECredenciamento falhou ...
06/09/2019 12:15:07  INFO [           main] b.c.s.a.s.l.SuiteListener : Finalizando a suíte de teste...
06/09/2019 12:15:07  INFO [           main] b.c.s.a.s.c.LoopRunner : LOOP=false
06/09/2019 12:15:15  INFO [           main] b.c.s.a.s.c.TestNgSuiteRunner : ------------------------ Início da execução ------------------------
06/09/2019 12:15:15  INFO [           main] b.c.s.a.s.c.TestNgSuiteRunner : Gerando suíte para execução local...
06/09/2019 12:15:35  INFO [           main] b.c.s.a.s.l.TestListener : Teste Test_0001_AberturaECredenciamento falhou ...
06/09/2019 12:15:36  INFO [           main] b.c.s.a.s.l.SuiteListener : Finalizando a suíte de teste...
06/09/2019 12:15:36  INFO [           main] b.c.s.a.s.c.LoopRunner : LOOP=false
06/09/2019 12:16:25  INFO [           main] b.c.s.a.s.c.TestNgSuiteRunner : ------------------------ Início da execução ------------------------
06/09/2019 12:16:25  INFO [           main] b.c.s.a.s.c.TestNgSuiteRunner : Gerando suíte para execução local...
06/09/2019 12:16:55  INFO [           main] b.c.s.a.s.l.TestListener : Teste Test_0001_AberturaECredenciamento falhou ...
06/09/2019 12:16:57  INFO [           main] b.c.s.a.s.l.SuiteListener : Finalizando a suíte de teste...
06/09/2019 12:16:57  INFO [           main] b.c.s.a.s.c.LoopRunner : LOOP=false
06/09/2019 12:17:47  INFO [           main] b.c.s.a.s.c.TestNgSuiteRunner : ------------------------ Início da execução ------------------------
06/09/2019 12:17:47  INFO [           main] b.c.s.a.s.c.TestNgSuiteRunner : Gerando suíte para execução local...
06/09/2019 12:18:52  INFO [           main] b.c.s.a.s.c.TestNgSuiteRunner : ------------------------ Início da execução ------------------------
06/09/2019 12:18:52  INFO [           main] b.c.s.a.s.c.TestNgSuiteRunner : Gerando suíte para execução local...
06/09/2019 12:19:10  INFO [           main] b.c.s.a.s.l.TestListener : Teste Test_0001_AberturaECredenciamento falhou ...
06/09/2019 12:19:10  INFO [           main] b.c.s.a.s.l.SuiteListener : Finalizando a suíte de teste...
06/09/2019 12:19:10  INFO [           main] b.c.s.a.s.c.LoopRunner : LOOP=false
06/09/2019 12:19:17  INFO [           main] b.c.s.a.s.c.TestNgSuiteRunner : ------------------------ Início da execução ------------------------
06/09/2019 12:19:17  INFO [           main] b.c.s.a.s.c.TestNgSuiteRunner : Gerando suíte para execução local...
06/09/2019 12:19:35  INFO [           main] b.c.s.a.s.l.TestListener : Teste Test_0001_AberturaECredenciamento falhou ...
06/09/2019 12:19:35  INFO [           main] b.c.s.a.s.l.SuiteListener : Finalizando a suíte de teste...
06/09/2019 12:19:35  INFO [           main] b.c.s.a.s.c.LoopRunner : LOOP=false
06/09/2019 12:19:42  INFO [           main] b.c.s.a.s.c.TestNgSuiteRunner : ------------------------ Início da execução ------------------------
06/09/2019 12:19:42  INFO [           main] b.c.s.a.s.c.TestNgSuiteRunner : Gerando suíte para execução local...
06/09/2019 12:21:02  INFO [           main] b.c.s.a.s.c.TestNgSuiteRunner : ------------------------ Início da execução ------------------------
06/09/2019 12:21:02  INFO [           main] b.c.s.a.s.c.TestNgSuiteRunner : Gerando suíte para execução local...
06/09/2019 12:21:22  INFO [           main] b.c.s.a.s.l.TestListener : Teste Test_0001_AberturaECredenciamento falhou ...
06/09/2019 12:21:22  INFO [           main] b.c.s.a.s.l.SuiteListener : Finalizando a suíte de teste...
06/09/2019 12:21:22  INFO [           main] b.c.s.a.s.c.LoopRunner : LOOP=false
06/09/2019 12:21:52  INFO [           main] b.c.s.a.s.c.TestNgSuiteRunner : ------------------------ Início da execução ------------------------
06/09/2019 12:21:52  INFO [           main] b.c.s.a.s.c.TestNgSuiteRunner : Gerando suíte para execução local...
06/09/2019 12:22:22  INFO [           main] b.c.s.a.s.l.TestListener : Teste Test_0001_AberturaECredenciamento falhou ...
06/09/2019 12:22:23  INFO [           main] b.c.s.a.s.l.SuiteListener : Finalizando a suíte de teste...
06/09/2019 12:22:23  INFO [           main] b.c.s.a.s.c.LoopRunner : LOOP=false
06/09/2019 12:22:45  INFO [           main] b.c.s.a.s.c.TestNgSuiteRunner : ------------------------ Início da execução ------------------------
06/09/2019 12:22:45  INFO [           main] b.c.s.a.s.c.TestNgSuiteRunner : Gerando suíte para execução local...
06/09/2019 12:23:47  INFO [           main] b.c.s.a.s.l.TestListener : Teste Test_0001_AberturaECredenciamento falhou ...
06/09/2019 12:23:48  INFO [           main] b.c.s.a.s.l.SuiteListener : Finalizando a suíte de teste...
06/09/2019 12:23:48  INFO [           main] b.c.s.a.s.c.LoopRunner : LOOP=false
06/09/2019 12:25:05  INFO [           main] b.c.s.a.s.c.TestNgSuiteRunner : ------------------------ Início da execução ------------------------
06/09/2019 12:25:05  INFO [           main] b.c.s.a.s.c.TestNgSuiteRunner : Gerando suíte para execução local...
06/09/2019 12:27:52  INFO [           main] b.c.s.a.s.c.TestNgSuiteRunner : ------------------------ Início da execução ------------------------
06/09/2019 12:27:52  INFO [           main] b.c.s.a.s.c.TestNgSuiteRunner : Gerando suíte para execução local...
06/09/2019 12:28:49  INFO [           main] b.c.s.a.s.l.TestListener : Teste Test_0001_AberturaECredenciamento falhou ...
06/09/2019 12:28:50  INFO [           main] b.c.s.a.s.l.SuiteListener : Finalizando a suíte de teste...
06/09/2019 12:28:50  INFO [           main] b.c.s.a.s.c.LoopRunner : LOOP=false
06/09/2019 12:29:19  INFO [           main] b.c.s.a.s.c.TestNgSuiteRunner : ------------------------ Início da execução ------------------------
06/09/2019 12:29:19  INFO [           main] b.c.s.a.s.c.TestNgSuiteRunner : Gerando suíte para execução local...
06/09/2019 15:47:59  INFO [           main] b.c.s.a.s.c.TestNgSuiteRunner : ------------------------ Início da execução ------------------------
06/09/2019 15:47:59  INFO [           main] b.c.s.a.s.c.TestNgSuiteRunner : Gerando suíte para execução local...
06/09/2019 15:48:34  INFO [           main] b.c.s.a.s.l.TestListener : Teste Test_0001_AberturaECredenciamento falhou ...
06/09/2019 15:48:35  INFO [           main] b.c.s.a.s.l.SuiteListener : Finalizando a suíte de teste...
06/09/2019 15:48:35  INFO [           main] b.c.s.a.s.c.LoopRunner : LOOP=false
06/09/2019 15:49:15  INFO [           main] b.c.s.a.s.c.TestNgSuiteRunner : ------------------------ Início da execução ------------------------
06/09/2019 15:49:15  INFO [           main] b.c.s.a.s.c.TestNgSuiteRunner : Gerando suíte para execução local...
06/09/2019 15:49:50  INFO [           main] b.c.s.a.s.l.TestListener : Teste Test_0001_AberturaECredenciamento falhou ...
06/09/2019 15:49:51  INFO [           main] b.c.s.a.s.l.SuiteListener : Finalizando a suíte de teste...
06/09/2019 15:49:51  INFO [           main] b.c.s.a.s.c.LoopRunner : LOOP=false
06/09/2019 15:50:34  INFO [           main] b.c.s.a.s.c.TestNgSuiteRunner : ------------------------ Início da execução ------------------------
06/09/2019 15:50:34  INFO [           main] b.c.s.a.s.c.TestNgSuiteRunner : Gerando suíte para execução local...
06/09/2019 15:51:46  INFO [           main] b.c.s.a.s.c.TestNgSuiteRunner : ------------------------ Início da execução ------------------------
06/09/2019 15:51:46  INFO [           main] b.c.s.a.s.c.TestNgSuiteRunner : Gerando suíte para execução local...
06/09/2019 15:53:34  INFO [           main] b.c.s.a.s.c.TestNgSuiteRunner : ------------------------ Início da execução ------------------------
06/09/2019 15:53:34  INFO [           main] b.c.s.a.s.c.TestNgSuiteRunner : Gerando suíte para execução local...
06/09/2019 15:56:12  INFO [           main] b.c.s.a.s.c.TestNgSuiteRunner : ------------------------ Início da execução ------------------------
06/09/2019 15:56:12  INFO [           main] b.c.s.a.s.c.TestNgSuiteRunner : Gerando suíte para execução local...
06/09/2019 15:56:51  INFO [           main] b.c.s.a.s.l.TestListener : Teste Test_0001_AberturaECredenciamento falhou ...
06/09/2019 15:56:51  INFO [           main] b.c.s.a.s.l.SuiteListener : Finalizando a suíte de teste...
06/09/2019 15:56:51  INFO [           main] b.c.s.a.s.c.LoopRunner : LOOP=false
06/09/2019 15:57:26  INFO [           main] b.c.s.a.s.c.TestNgSuiteRunner : ------------------------ Início da execução ------------------------
06/09/2019 15:57:26  INFO [           main] b.c.s.a.s.c.TestNgSuiteRunner : Gerando suíte para execução local...
06/09/2019 15:58:30  INFO [           main] b.c.s.a.s.l.TestListener : Teste Test_0001_AberturaECredenciamento teve sucesso ...
06/09/2019 15:58:30  INFO [           main] b.c.s.a.s.l.SuiteListener : Finalizando a suíte de teste...
06/09/2019 15:58:30  INFO [           main] b.c.s.a.s.c.LoopRunner : LOOP=false
06/09/2019 16:07:27  INFO [           main] b.c.s.a.s.c.TestNgSuiteRunner : ------------------------ Início da execução ------------------------
06/09/2019 16:07:27  INFO [           main] b.c.s.a.s.c.TestNgSuiteRunner : Gerando suíte para execução local...
06/09/2019 16:08:38  INFO [           main] b.c.s.a.s.l.TestListener : Teste Test_0001_AberturaECredenciamento falhou ...
06/09/2019 16:08:39  INFO [           main] b.c.s.a.s.l.SuiteListener : Finalizando a suíte de teste...
06/09/2019 16:08:39  INFO [           main] b.c.s.a.s.c.LoopRunner : LOOP=false
06/09/2019 16:11:07  INFO [           main] b.c.s.a.s.c.TestNgSuiteRunner : ------------------------ Início da execução ------------------------
06/09/2019 16:11:07  INFO [           main] b.c.s.a.s.c.TestNgSuiteRunner : Gerando suíte para execução local...
06/09/2019 16:12:31  INFO [           main] b.c.s.a.s.c.TestNgSuiteRunner : ------------------------ Início da execução ------------------------
06/09/2019 16:12:31  INFO [           main] b.c.s.a.s.c.TestNgSuiteRunner : Gerando suíte para execução local...
06/09/2019 16:13:52  INFO [           main] b.c.s.a.s.c.TestNgSuiteRunner : ------------------------ Início da execução ------------------------
06/09/2019 16:13:52  INFO [           main] b.c.s.a.s.c.TestNgSuiteRunner : Gerando suíte para execução local...
06/09/2019 16:14:34  INFO [           main] b.c.s.a.s.l.TestListener : Teste Test_0001_AberturaECredenciamento falhou ...
06/09/2019 16:14:35  INFO [           main] b.c.s.a.s.l.SuiteListener : Finalizando a suíte de teste...
06/09/2019 16:14:35  INFO [           main] b.c.s.a.s.c.LoopRunner : LOOP=false
06/09/2019 16:15:13  INFO [           main] b.c.s.a.s.c.TestNgSuiteRunner : ------------------------ Início da execução ------------------------
06/09/2019 16:15:13  INFO [           main] b.c.s.a.s.c.TestNgSuiteRunner : Gerando suíte para execução local...
06/09/2019 16:15:56  INFO [           main] b.c.s.a.s.l.TestListener : Teste Test_0001_AberturaECredenciamento falhou ...
06/09/2019 16:15:57  INFO [           main] b.c.s.a.s.l.SuiteListener : Finalizando a suíte de teste...
06/09/2019 16:15:57  INFO [           main] b.c.s.a.s.c.LoopRunner : LOOP=false
06/09/2019 16:16:13  INFO [           main] b.c.s.a.s.c.TestNgSuiteRunner : ------------------------ Início da execução ------------------------
06/09/2019 16:16:13  INFO [           main] b.c.s.a.s.c.TestNgSuiteRunner : Gerando suíte para execução local...
06/09/2019 16:16:52  INFO [           main] b.c.s.a.s.l.TestListener : Teste Test_0001_AberturaECredenciamento falhou ...
06/09/2019 16:16:53  INFO [           main] b.c.s.a.s.l.SuiteListener : Finalizando a suíte de teste...
06/09/2019 16:16:53  INFO [           main] b.c.s.a.s.c.LoopRunner : LOOP=false
06/09/2019 16:17:33  INFO [           main] b.c.s.a.s.c.TestNgSuiteRunner : ------------------------ Início da execução ------------------------
06/09/2019 16:17:33  INFO [           main] b.c.s.a.s.c.TestNgSuiteRunner : Gerando suíte para execução local...
06/09/2019 16:21:03  INFO [           main] b.c.s.a.s.c.TestNgSuiteRunner : ------------------------ Início da execução ------------------------
06/09/2019 16:21:03  INFO [           main] b.c.s.a.s.c.TestNgSuiteRunner : Gerando suíte para execução local...
06/09/2019 16:22:11  INFO [           main] b.c.s.a.s.c.TestNgSuiteRunner : ------------------------ Início da execução ------------------------
06/09/2019 16:22:11  INFO [           main] b.c.s.a.s.c.TestNgSuiteRunner : Gerando suíte para execução local...
06/09/2019 16:22:50  INFO [           main] b.c.s.a.s.l.TestListener : Teste Test_0001_AberturaECredenciamento falhou ...
06/09/2019 16:22:51  INFO [           main] b.c.s.a.s.l.SuiteListener : Finalizando a suíte de teste...
06/09/2019 16:22:51  INFO [           main] b.c.s.a.s.c.LoopRunner : LOOP=false
