10/09/2019 12:22:56  INFO [           main] b.c.s.a.s.c.TestNgSuiteRunner : ------------------------ Início da execução ------------------------
10/09/2019 12:22:56  INFO [           main] b.c.s.a.s.c.TestNgSuiteRunner : Gerando suíte para execução local...
10/09/2019 12:26:54  INFO [           main] b.c.s.a.s.c.TestNgSuiteRunner : ------------------------ Início da execução ------------------------
10/09/2019 12:26:54  INFO [           main] b.c.s.a.s.c.TestNgSuiteRunner : Gerando suíte para execução local...
10/09/2019 12:27:14  INFO [           main] b.c.s.a.s.c.TestNgSuiteRunner : ------------------------ Início da execução ------------------------
10/09/2019 12:27:14  INFO [           main] b.c.s.a.s.c.TestNgSuiteRunner : Gerando suíte para execução local...
10/09/2019 12:28:11  INFO [           main] b.c.s.a.s.l.TestListener : Teste Test_0001_AberturaECredenciamento falhou ...
10/09/2019 12:28:12  INFO [           main] b.c.s.a.s.l.SuiteListener : Finalizando a suíte de teste...
10/09/2019 12:28:12  INFO [           main] b.c.s.a.s.c.LoopRunner : LOOP=true
10/09/2019 12:28:12  INFO [           main] b.c.s.a.s.c.TestNgSuiteRunner : ------------------------ Início da execução ------------------------
10/09/2019 12:28:12  INFO [           main] b.c.s.a.s.c.TestNgSuiteRunner : Gerando suíte para execução local...
10/09/2019 12:29:08  INFO [           main] b.c.s.a.s.l.TestListener : Teste Test_0001_AberturaECredenciamento falhou ...
10/09/2019 12:29:08  INFO [           main] b.c.s.a.s.l.SuiteListener : Finalizando a suíte de teste...
10/09/2019 12:29:08  INFO [           main] b.c.s.a.s.c.LoopRunner : LOOP=false
10/09/2019 14:17:36  INFO [           main] b.c.s.a.s.c.TestNgSuiteRunner : ------------------------ Início da execução ------------------------
10/09/2019 14:17:36  INFO [           main] b.c.s.a.s.c.TestNgSuiteRunner : Gerando suíte para execução local...
10/09/2019 14:18:34  INFO [           main] b.c.s.a.s.l.TestListener : Teste Test_0001_AberturaECredenciamento falhou ...
10/09/2019 14:18:35  INFO [           main] b.c.s.a.s.l.SuiteListener : Finalizando a suíte de teste...
10/09/2019 14:18:35  INFO [           main] b.c.s.a.s.c.LoopRunner : LOOP=false
10/09/2019 14:21:19  INFO [           main] b.c.s.a.s.c.TestNgSuiteRunner : ------------------------ Início da execução ------------------------
10/09/2019 14:21:19  INFO [           main] b.c.s.a.s.c.TestNgSuiteRunner : Gerando suíte para execução local...
10/09/2019 14:28:50  INFO [           main] b.c.s.a.s.c.TestNgSuiteRunner : ------------------------ Início da execução ------------------------
10/09/2019 14:28:50  INFO [           main] b.c.s.a.s.c.TestNgSuiteRunner : Gerando suíte para execução local...
10/09/2019 14:30:48  INFO [           main] b.c.s.a.s.l.TestListener : Teste Test_0001_AberturaECredenciamento falhou ...
10/09/2019 14:30:50  INFO [           main] b.c.s.a.s.l.SuiteListener : Finalizando a suíte de teste...
10/09/2019 14:30:50  INFO [           main] b.c.s.a.s.c.LoopRunner : LOOP=false
10/09/2019 14:31:34  INFO [           main] b.c.s.a.s.c.TestNgSuiteRunner : ------------------------ Início da execução ------------------------
10/09/2019 14:31:34  INFO [           main] b.c.s.a.s.c.TestNgSuiteRunner : Gerando suíte para execução local...
10/09/2019 14:38:01  INFO [           main] b.c.s.a.s.c.TestNgSuiteRunner : ------------------------ Início da execução ------------------------
10/09/2019 14:38:01  INFO [           main] b.c.s.a.s.c.TestNgSuiteRunner : Gerando suíte para execução local...
10/09/2019 14:38:55  INFO [           main] b.c.s.a.s.c.TestNgSuiteRunner : ------------------------ Início da execução ------------------------
10/09/2019 14:38:55  INFO [           main] b.c.s.a.s.c.TestNgSuiteRunner : Gerando suíte para execução local...
10/09/2019 14:41:01  INFO [           main] b.c.s.a.s.l.TestListener : Teste Test_0001_AberturaECredenciamento falhou ...
10/09/2019 14:41:02  INFO [           main] b.c.s.a.s.l.SuiteListener : Finalizando a suíte de teste...
10/09/2019 14:41:02  INFO [           main] b.c.s.a.s.c.LoopRunner : LOOP=false
10/09/2019 14:41:40  INFO [           main] b.c.s.a.s.c.TestNgSuiteRunner : ------------------------ Início da execução ------------------------
10/09/2019 14:41:40  INFO [           main] b.c.s.a.s.c.TestNgSuiteRunner : Gerando suíte para execução local...
10/09/2019 14:42:22  INFO [           main] b.c.s.a.s.c.TestNgSuiteRunner : ------------------------ Início da execução ------------------------
10/09/2019 14:42:22  INFO [           main] b.c.s.a.s.c.TestNgSuiteRunner : Gerando suíte para execução local...
10/09/2019 14:44:24  INFO [           main] b.c.s.a.s.l.TestListener : Teste Test_0001_AberturaECredenciamento falhou ...
10/09/2019 14:44:25  INFO [           main] b.c.s.a.s.l.SuiteListener : Finalizando a suíte de teste...
10/09/2019 14:44:25  INFO [           main] b.c.s.a.s.c.LoopRunner : LOOP=false
10/09/2019 14:44:45  INFO [           main] b.c.s.a.s.c.TestNgSuiteRunner : ------------------------ Início da execução ------------------------
10/09/2019 14:44:45  INFO [           main] b.c.s.a.s.c.TestNgSuiteRunner : Gerando suíte para execução local...
10/09/2019 14:53:02  INFO [           main] b.c.s.a.s.c.TestNgSuiteRunner : ------------------------ Início da execução ------------------------
10/09/2019 14:53:02  INFO [           main] b.c.s.a.s.c.TestNgSuiteRunner : Gerando suíte para execução local...
10/09/2019 14:55:06  INFO [           main] b.c.s.a.s.c.TestNgSuiteRunner : ------------------------ Início da execução ------------------------
10/09/2019 14:55:06  INFO [           main] b.c.s.a.s.c.TestNgSuiteRunner : Gerando suíte para execução local...
10/09/2019 14:56:54  INFO [           main] b.c.s.a.s.c.TestNgSuiteRunner : ------------------------ Início da execução ------------------------
10/09/2019 14:56:54  INFO [           main] b.c.s.a.s.c.TestNgSuiteRunner : Gerando suíte para execução local...
10/09/2019 15:06:08  INFO [           main] b.c.s.a.s.c.TestNgSuiteRunner : ------------------------ Início da execução ------------------------
10/09/2019 15:06:08  INFO [           main] b.c.s.a.s.c.TestNgSuiteRunner : Gerando suíte para execução local...
10/09/2019 15:07:20  INFO [           main] b.c.s.a.s.l.TestListener : Teste Test_0001_AberturaECredenciamento teve sucesso ...
10/09/2019 15:07:22  INFO [           main] b.c.s.a.s.l.SuiteListener : Finalizando a suíte de teste...
10/09/2019 15:07:22  INFO [           main] b.c.s.a.s.c.LoopRunner : LOOP=false
10/09/2019 15:11:28  INFO [           main] b.c.s.a.s.c.TestNgSuiteRunner : ------------------------ Início da execução ------------------------
10/09/2019 15:11:28  INFO [           main] b.c.s.a.s.c.TestNgSuiteRunner : Gerando suíte para execução local...
10/09/2019 15:12:31  INFO [           main] b.c.s.a.s.l.TestListener : Teste Test_0001_AberturaECredenciamento teve sucesso ...
10/09/2019 15:12:31  INFO [           main] b.c.s.a.s.l.SuiteListener : Finalizando a suíte de teste...
10/09/2019 15:12:31  INFO [           main] b.c.s.a.s.c.LoopRunner : LOOP=false
10/09/2019 15:13:28  INFO [           main] b.c.s.a.s.c.TestNgSuiteRunner : ------------------------ Início da execução ------------------------
10/09/2019 15:13:28  INFO [           main] b.c.s.a.s.c.TestNgSuiteRunner : Gerando suíte para execução local...
10/09/2019 15:19:41  INFO [           main] b.c.s.a.s.c.TestNgSuiteRunner : ------------------------ Início da execução ------------------------
10/09/2019 15:19:41  INFO [           main] b.c.s.a.s.c.TestNgSuiteRunner : Gerando suíte para execução local...
10/09/2019 15:20:41  INFO [           main] b.c.s.a.s.l.TestListener : Teste Test_0001_AberturaECredenciamento teve sucesso ...
10/09/2019 15:20:41  INFO [           main] b.c.s.a.s.l.SuiteListener : Finalizando a suíte de teste...
10/09/2019 15:20:41  INFO [           main] b.c.s.a.s.c.LoopRunner : LOOP=false
10/09/2019 16:01:04  INFO [           main] b.c.s.a.s.c.TestNgSuiteRunner : ------------------------ Início da execução ------------------------
10/09/2019 16:01:04  INFO [           main] b.c.s.a.s.c.TestNgSuiteRunner : Gerando suíte para execução local...
10/09/2019 16:02:55  INFO [           main] b.c.s.a.s.c.TestNgSuiteRunner : ------------------------ Início da execução ------------------------
10/09/2019 16:02:55  INFO [           main] b.c.s.a.s.c.TestNgSuiteRunner : Gerando suíte para execução local...
10/09/2019 16:05:20  INFO [           main] b.c.s.a.s.l.TestListener : Teste Test_0001_AberturaECredenciamento teve sucesso ...
10/09/2019 16:05:20  INFO [           main] b.c.s.a.s.l.SuiteListener : Finalizando a suíte de teste...
10/09/2019 16:05:20  INFO [           main] b.c.s.a.s.c.LoopRunner : LOOP=false
10/09/2019 16:06:48  INFO [           main] b.c.s.a.s.c.TestNgSuiteRunner : ------------------------ Início da execução ------------------------
10/09/2019 16:06:48  INFO [           main] b.c.s.a.s.c.TestNgSuiteRunner : Gerando suíte para execução local...
10/09/2019 16:08:10  INFO [           main] b.c.s.a.s.l.TestListener : Teste Test_0001_AberturaECredenciamento teve sucesso ...
10/09/2019 16:08:11  INFO [           main] b.c.s.a.s.l.SuiteListener : Finalizando a suíte de teste...
10/09/2019 16:08:11  INFO [           main] b.c.s.a.s.c.LoopRunner : LOOP=false
10/09/2019 16:08:59  INFO [           main] b.c.s.a.s.c.TestNgSuiteRunner : ------------------------ Início da execução ------------------------
10/09/2019 16:08:59  INFO [           main] b.c.s.a.s.c.TestNgSuiteRunner : Gerando suíte para execução local...
10/09/2019 16:36:27  INFO [           main] b.c.s.a.s.c.TestNgSuiteRunner : ------------------------ Início da execução ------------------------
10/09/2019 16:36:27  INFO [           main] b.c.s.a.s.c.TestNgSuiteRunner : Gerando suíte para execução local...
10/09/2019 16:42:29  INFO [           main] b.c.s.a.s.c.TestNgSuiteRunner : ------------------------ Início da execução ------------------------
10/09/2019 16:42:29  INFO [           main] b.c.s.a.s.c.TestNgSuiteRunner : Gerando suíte para execução local...
10/09/2019 16:45:58  INFO [           main] b.c.s.a.s.c.TestNgSuiteRunner : ------------------------ Início da execução ------------------------
10/09/2019 16:45:58  INFO [           main] b.c.s.a.s.c.TestNgSuiteRunner : Gerando suíte para execução local...
10/09/2019 16:50:32  INFO [           main] b.c.s.a.s.c.TestNgSuiteRunner : ------------------------ Início da execução ------------------------
10/09/2019 16:50:32  INFO [           main] b.c.s.a.s.c.TestNgSuiteRunner : Gerando suíte para execução local...
10/09/2019 17:05:03  INFO [           main] b.c.s.a.s.c.TestNgSuiteRunner : ------------------------ Início da execução ------------------------
10/09/2019 17:05:03  INFO [           main] b.c.s.a.s.c.TestNgSuiteRunner : Gerando suíte para execução local...
10/09/2019 17:08:11  INFO [           main] b.c.s.a.s.l.TestListener : Teste Test_0001_AberturaECredenciamento falhou ...
10/09/2019 17:08:12  INFO [           main] b.c.s.a.s.l.SuiteListener : Finalizando a suíte de teste...
10/09/2019 17:08:12  INFO [           main] b.c.s.a.s.c.LoopRunner : LOOP=false
10/09/2019 17:08:48  INFO [           main] b.c.s.a.s.c.TestNgSuiteRunner : ------------------------ Início da execução ------------------------
10/09/2019 17:08:48  INFO [           main] b.c.s.a.s.c.TestNgSuiteRunner : Gerando suíte para execução local...
10/09/2019 17:16:28  INFO [           main] b.c.s.a.s.c.TestNgSuiteRunner : ------------------------ Início da execução ------------------------
10/09/2019 17:16:28  INFO [           main] b.c.s.a.s.c.TestNgSuiteRunner : Gerando suíte para execução local...
10/09/2019 17:19:09  INFO [           main] b.c.s.a.s.c.TestNgSuiteRunner : ------------------------ Início da execução ------------------------
10/09/2019 17:19:09  INFO [           main] b.c.s.a.s.c.TestNgSuiteRunner : Gerando suíte para execução local...
10/09/2019 17:21:16  INFO [           main] b.c.s.a.s.c.TestNgSuiteRunner : ------------------------ Início da execução ------------------------
10/09/2019 17:21:16  INFO [           main] b.c.s.a.s.c.TestNgSuiteRunner : Gerando suíte para execução local...
10/09/2019 17:22:42  INFO [           main] b.c.s.a.s.l.TestListener : Teste Test_0001_AberturaECredenciamento teve sucesso ...
10/09/2019 17:22:42  INFO [           main] b.c.s.a.s.l.SuiteListener : Finalizando a suíte de teste...
10/09/2019 17:22:42  INFO [           main] b.c.s.a.s.c.LoopRunner : LOOP=false
10/09/2019 17:23:30  INFO [           main] b.c.s.a.s.c.TestNgSuiteRunner : ------------------------ Início da execução ------------------------
10/09/2019 17:23:30  INFO [           main] b.c.s.a.s.c.TestNgSuiteRunner : Gerando suíte para execução local...
10/09/2019 18:30:00  INFO [           main] b.c.s.a.s.c.TestNgSuiteRunner : ------------------------ Início da execução ------------------------
10/09/2019 18:30:00  INFO [           main] b.c.s.a.s.c.TestNgSuiteRunner : Gerando suíte para execução local...
10/09/2019 18:54:35  INFO [           main] b.c.s.a.s.c.TestNgSuiteRunner : ------------------------ Início da execução ------------------------
10/09/2019 18:54:35  INFO [           main] b.c.s.a.s.c.TestNgSuiteRunner : Gerando suíte para execução local...
10/09/2019 19:12:10  INFO [           main] b.c.s.a.s.c.TestNgSuiteRunner : ------------------------ Início da execução ------------------------
10/09/2019 19:12:10  INFO [           main] b.c.s.a.s.c.TestNgSuiteRunner : Gerando suíte para execução local...
10/09/2019 19:12:53  INFO [           main] b.c.s.a.s.l.TestListener : Teste Test_0001_AberturaECredenciamento falhou ...
10/09/2019 19:12:54  INFO [           main] b.c.s.a.s.l.SuiteListener : Finalizando a suíte de teste...
10/09/2019 19:12:54  INFO [           main] b.c.s.a.s.c.LoopRunner : LOOP=false
10/09/2019 19:13:29  INFO [           main] b.c.s.a.s.c.TestNgSuiteRunner : ------------------------ Início da execução ------------------------
10/09/2019 19:13:29  INFO [           main] b.c.s.a.s.c.TestNgSuiteRunner : Gerando suíte para execução local...
10/09/2019 19:14:35  INFO [           main] b.c.s.a.s.l.TestListener : Teste Test_0001_AberturaECredenciamento falhou ...
10/09/2019 19:14:35  INFO [           main] b.c.s.a.s.l.SuiteListener : Finalizando a suíte de teste...
10/09/2019 19:14:35  INFO [           main] b.c.s.a.s.c.LoopRunner : LOOP=false
10/09/2019 19:15:04  INFO [           main] b.c.s.a.s.c.TestNgSuiteRunner : ------------------------ Início da execução ------------------------
10/09/2019 19:15:04  INFO [           main] b.c.s.a.s.c.TestNgSuiteRunner : Gerando suíte para execução local...
10/09/2019 19:18:57  INFO [           main] b.c.s.a.s.c.TestNgSuiteRunner : ------------------------ Início da execução ------------------------
10/09/2019 19:18:57  INFO [           main] b.c.s.a.s.c.TestNgSuiteRunner : Gerando suíte para execução local...
10/09/2019 19:19:47  INFO [           main] b.c.s.a.s.l.TestListener : Teste Test_0001_AberturaECredenciamento falhou ...
10/09/2019 19:19:47  INFO [           main] b.c.s.a.s.l.SuiteListener : Finalizando a suíte de teste...
10/09/2019 19:19:47  INFO [           main] b.c.s.a.s.c.LoopRunner : LOOP=false
10/09/2019 19:20:10  INFO [           main] b.c.s.a.s.c.TestNgSuiteRunner : ------------------------ Início da execução ------------------------
10/09/2019 19:20:10  INFO [           main] b.c.s.a.s.c.TestNgSuiteRunner : Gerando suíte para execução local...
10/09/2019 19:21:04  INFO [           main] b.c.s.a.s.c.TestNgSuiteRunner : ------------------------ Início da execução ------------------------
10/09/2019 19:21:04  INFO [           main] b.c.s.a.s.c.TestNgSuiteRunner : Gerando suíte para execução local...
10/09/2019 19:21:58  INFO [           main] b.c.s.a.s.l.TestListener : Teste Test_0001_AberturaECredenciamento falhou ...
10/09/2019 19:22:07  INFO [           main] b.c.s.a.s.c.TestNgSuiteRunner : ------------------------ Início da execução ------------------------
10/09/2019 19:22:07  INFO [           main] b.c.s.a.s.c.TestNgSuiteRunner : Gerando suíte para execução local...
10/09/2019 19:23:45  INFO [           main] b.c.s.a.s.c.TestNgSuiteRunner : ------------------------ Início da execução ------------------------
10/09/2019 19:23:45  INFO [           main] b.c.s.a.s.c.TestNgSuiteRunner : Gerando suíte para execução local...
10/09/2019 19:28:21  INFO [           main] b.c.s.a.s.c.TestNgSuiteRunner : ------------------------ Início da execução ------------------------
10/09/2019 19:28:21  INFO [           main] b.c.s.a.s.c.TestNgSuiteRunner : Gerando suíte para execução local...
10/09/2019 19:29:08  INFO [           main] b.c.s.a.s.c.TestNgSuiteRunner : ------------------------ Início da execução ------------------------
10/09/2019 19:29:08  INFO [           main] b.c.s.a.s.c.TestNgSuiteRunner : Gerando suíte para execução local...
10/09/2019 19:31:39  INFO [           main] b.c.s.a.s.l.TestListener : Teste Test_0001_AberturaECredenciamento falhou ...
10/09/2019 19:31:40  INFO [           main] b.c.s.a.s.l.SuiteListener : Finalizando a suíte de teste...
10/09/2019 19:31:40  INFO [           main] b.c.s.a.s.c.LoopRunner : LOOP=false
10/09/2019 19:31:58  INFO [           main] b.c.s.a.s.c.TestNgSuiteRunner : ------------------------ Início da execução ------------------------
10/09/2019 19:31:58  INFO [           main] b.c.s.a.s.c.TestNgSuiteRunner : Gerando suíte para execução local...
10/09/2019 19:41:57  INFO [           main] b.c.s.a.s.c.TestNgSuiteRunner : ------------------------ Início da execução ------------------------
10/09/2019 19:41:57  INFO [           main] b.c.s.a.s.c.TestNgSuiteRunner : Gerando suíte para execução local...
10/09/2019 19:45:17  INFO [           main] b.c.s.a.s.c.TestNgSuiteRunner : ------------------------ Início da execução ------------------------
10/09/2019 19:45:17  INFO [           main] b.c.s.a.s.c.TestNgSuiteRunner : Gerando suíte para execução local...
10/09/2019 19:46:02  INFO [           main] b.c.s.a.s.l.TestListener : Teste Test_0001_AberturaECredenciamento falhou ...
10/09/2019 19:46:03  INFO [           main] b.c.s.a.s.l.SuiteListener : Finalizando a suíte de teste...
10/09/2019 19:46:03  INFO [           main] b.c.s.a.s.c.LoopRunner : LOOP=false
10/09/2019 19:46:17  INFO [           main] b.c.s.a.s.c.TestNgSuiteRunner : ------------------------ Início da execução ------------------------
10/09/2019 19:46:17  INFO [           main] b.c.s.a.s.c.TestNgSuiteRunner : Gerando suíte para execução local...
10/09/2019 19:48:45  INFO [           main] b.c.s.a.s.c.TestNgSuiteRunner : ------------------------ Início da execução ------------------------
10/09/2019 19:48:45  INFO [           main] b.c.s.a.s.c.TestNgSuiteRunner : Gerando suíte para execução local...
10/09/2019 19:50:48  INFO [           main] b.c.s.a.s.c.TestNgSuiteRunner : ------------------------ Início da execução ------------------------
10/09/2019 19:50:48  INFO [           main] b.c.s.a.s.c.TestNgSuiteRunner : Gerando suíte para execução local...
10/09/2019 19:51:32  INFO [           main] b.c.s.a.s.l.TestListener : Teste Test_0001_AberturaECredenciamento falhou ...
10/09/2019 19:51:32  INFO [           main] b.c.s.a.s.l.SuiteListener : Finalizando a suíte de teste...
10/09/2019 19:51:32  INFO [           main] b.c.s.a.s.c.LoopRunner : LOOP=false
10/09/2019 19:51:46  INFO [           main] b.c.s.a.s.c.TestNgSuiteRunner : ------------------------ Início da execução ------------------------
10/09/2019 19:51:46  INFO [           main] b.c.s.a.s.c.TestNgSuiteRunner : Gerando suíte para execução local...
10/09/2019 19:52:29  INFO [           main] b.c.s.a.s.l.TestListener : Teste Test_0001_AberturaECredenciamento falhou ...
10/09/2019 19:52:29  INFO [           main] b.c.s.a.s.l.SuiteListener : Finalizando a suíte de teste...
10/09/2019 19:52:30  INFO [           main] b.c.s.a.s.c.LoopRunner : LOOP=false
10/09/2019 19:52:41  INFO [           main] b.c.s.a.s.c.TestNgSuiteRunner : ------------------------ Início da execução ------------------------
10/09/2019 19:52:41  INFO [           main] b.c.s.a.s.c.TestNgSuiteRunner : Gerando suíte para execução local...
10/09/2019 19:54:37  INFO [           main] b.c.s.a.s.c.TestNgSuiteRunner : ------------------------ Início da execução ------------------------
10/09/2019 19:54:37  INFO [           main] b.c.s.a.s.c.TestNgSuiteRunner : Gerando suíte para execução local...
10/09/2019 19:57:46  INFO [           main] b.c.s.a.s.l.TestListener : Teste Test_0001_AberturaECredenciamento teve sucesso ...
10/09/2019 19:57:47  INFO [           main] b.c.s.a.s.l.SuiteListener : Finalizando a suíte de teste...
10/09/2019 19:57:47  INFO [           main] b.c.s.a.s.c.LoopRunner : LOOP=false
10/09/2019 19:57:58  INFO [           main] b.c.s.a.s.c.TestNgSuiteRunner : ------------------------ Início da execução ------------------------
10/09/2019 19:57:58  INFO [           main] b.c.s.a.s.c.TestNgSuiteRunner : Gerando suíte para execução local...
10/09/2019 20:14:59  INFO [           main] b.c.s.a.s.c.TestNgSuiteRunner : ------------------------ Início da execução ------------------------
10/09/2019 20:14:59  INFO [           main] b.c.s.a.s.c.TestNgSuiteRunner : Gerando suíte para execução local...
10/09/2019 20:19:11  INFO [           main] b.c.s.a.s.l.TestListener : Teste Test_0001_AberturaECredenciamento falhou ...
10/09/2019 20:19:12  INFO [           main] b.c.s.a.s.l.SuiteListener : Finalizando a suíte de teste...
10/09/2019 20:19:12  INFO [           main] b.c.s.a.s.c.LoopRunner : LOOP=false
10/09/2019 20:19:29  INFO [           main] b.c.s.a.s.c.TestNgSuiteRunner : ------------------------ Início da execução ------------------------
10/09/2019 20:19:29  INFO [           main] b.c.s.a.s.c.TestNgSuiteRunner : Gerando suíte para execução local...
10/09/2019 20:22:22  INFO [           main] b.c.s.a.s.c.TestNgSuiteRunner : ------------------------ Início da execução ------------------------
10/09/2019 20:22:22  INFO [           main] b.c.s.a.s.c.TestNgSuiteRunner : Gerando suíte para execução local...
10/09/2019 20:25:40  INFO [           main] b.c.s.a.s.c.TestNgSuiteRunner : ------------------------ Início da execução ------------------------
10/09/2019 20:25:40  INFO [           main] b.c.s.a.s.c.TestNgSuiteRunner : Gerando suíte para execução local...
10/09/2019 20:27:47  INFO [           main] b.c.s.a.s.c.TestNgSuiteRunner : ------------------------ Início da execução ------------------------
10/09/2019 20:27:47  INFO [           main] b.c.s.a.s.c.TestNgSuiteRunner : Gerando suíte para execução local...
10/09/2019 20:29:25  INFO [           main] b.c.s.a.s.l.TestListener : Teste Test_0001_AberturaECredenciamento teve sucesso ...
10/09/2019 20:29:25  INFO [           main] b.c.s.a.s.l.SuiteListener : Finalizando a suíte de teste...
10/09/2019 20:29:25  INFO [           main] b.c.s.a.s.c.LoopRunner : LOOP=false
10/09/2019 20:30:24  INFO [           main] b.c.s.a.s.c.TestNgSuiteRunner : ------------------------ Início da execução ------------------------
10/09/2019 20:30:24  INFO [           main] b.c.s.a.s.c.TestNgSuiteRunner : Gerando suíte para execução local...
10/09/2019 20:54:22  INFO [           main] b.c.s.a.s.c.TestNgSuiteRunner : ------------------------ Início da execução ------------------------
10/09/2019 20:54:22  INFO [           main] b.c.s.a.s.c.TestNgSuiteRunner : Gerando suíte para execução local...
