18/09/2019 09:35:03  INFO [           main] b.c.s.a.s.c.TestNgSuiteRunner : ------------------------ Início da execução ------------------------
18/09/2019 09:35:03  INFO [           main] b.c.s.a.s.c.TestNgSuiteRunner : Gerando suíte para execução local...
18/09/2019 09:36:40  INFO [           main] b.c.s.a.s.c.TestNgSuiteRunner : ------------------------ Início da execução ------------------------
18/09/2019 09:36:40  INFO [           main] b.c.s.a.s.c.TestNgSuiteRunner : Gerando suíte para execução local...
18/09/2019 09:37:04  INFO [           main] b.c.s.a.s.l.SuiteListener : Finalizando a suíte de teste...
18/09/2019 09:37:04  INFO [           main] b.c.s.a.s.c.LoopRunner : LOOP=false
18/09/2019 09:37:53  INFO [           main] b.c.s.a.s.c.TestNgSuiteRunner : ------------------------ Início da execução ------------------------
18/09/2019 09:37:53  INFO [           main] b.c.s.a.s.c.TestNgSuiteRunner : Gerando suíte para execução local...
18/09/2019 09:38:22  INFO [           main] b.c.s.a.s.l.SuiteListener : Finalizando a suíte de teste...
18/09/2019 09:38:22  INFO [           main] b.c.s.a.s.c.LoopRunner : LOOP=false
18/09/2019 09:40:01  INFO [           main] b.c.s.a.s.c.TestNgSuiteRunner : ------------------------ Início da execução ------------------------
18/09/2019 09:40:01  INFO [           main] b.c.s.a.s.c.TestNgSuiteRunner : Gerando suíte para execução local...
18/09/2019 09:40:27 ERROR [           main] b.c.s.a.s.ExcelUtils : Erro ao abrir a pasta de Excel em 'C:\Users\wellsan\Documents\CRL - Teste Automatizado\Abertura e Credenciamento.xls' ...
18/09/2019 09:40:28  INFO [           main] b.c.s.a.s.l.SuiteListener : Finalizando a suíte de teste...
18/09/2019 09:40:28  INFO [           main] b.c.s.a.s.c.LoopRunner : LOOP=false
18/09/2019 09:45:46  INFO [           main] b.c.s.a.s.c.TestNgSuiteRunner : ------------------------ Início da execução ------------------------
18/09/2019 09:45:46  INFO [           main] b.c.s.a.s.c.TestNgSuiteRunner : Gerando suíte para execução local...
18/09/2019 09:46:18 ERROR [           main] b.c.s.a.s.ExcelUtils : Erro ao abrir a pasta de Excel em 'C:\Users\wellsan\Documents\CRL - Teste Automatizado\' ...
18/09/2019 09:46:19  INFO [           main] b.c.s.a.s.l.SuiteListener : Finalizando a suíte de teste...
18/09/2019 09:46:19  INFO [           main] b.c.s.a.s.c.LoopRunner : LOOP=false
18/09/2019 09:46:45  INFO [           main] b.c.s.a.s.c.TestNgSuiteRunner : ------------------------ Início da execução ------------------------
18/09/2019 09:46:45  INFO [           main] b.c.s.a.s.c.TestNgSuiteRunner : Gerando suíte para execução local...
18/09/2019 09:47:12 ERROR [           main] b.c.s.a.s.ExcelUtils : Erro ao abrir a pasta de Excel em 'C:\Users\wellsan\Documents\CRL - Teste Automatizado\Abertura e Credenciamento.xls' ...
18/09/2019 09:47:13  INFO [           main] b.c.s.a.s.l.SuiteListener : Finalizando a suíte de teste...
18/09/2019 09:47:13  INFO [           main] b.c.s.a.s.c.LoopRunner : LOOP=false
18/09/2019 09:47:27  INFO [           main] b.c.s.a.s.c.TestNgSuiteRunner : ------------------------ Início da execução ------------------------
18/09/2019 09:47:27  INFO [           main] b.c.s.a.s.c.TestNgSuiteRunner : Gerando suíte para execução local...
18/09/2019 09:49:24  INFO [           main] b.c.s.a.s.l.SuiteListener : Finalizando a suíte de teste...
18/09/2019 09:49:24  INFO [           main] b.c.s.a.s.c.LoopRunner : LOOP=false
18/09/2019 09:52:54  INFO [           main] b.c.s.a.s.c.TestNgSuiteRunner : ------------------------ Início da execução ------------------------
18/09/2019 09:52:54  INFO [           main] b.c.s.a.s.c.TestNgSuiteRunner : Gerando suíte para execução local...
18/09/2019 09:53:38 ERROR [           main] b.c.s.a.s.ExcelUtils : Erro ao abrir a pasta de Excel em 'C:\Users\wellsan\Documents\CRL - Teste Automatizado\Abertura e Credenciamento.xls' ...
18/09/2019 09:53:49  INFO [           main] b.c.s.a.s.l.SuiteListener : Finalizando a suíte de teste...
18/09/2019 09:53:49  INFO [           main] b.c.s.a.s.c.LoopRunner : LOOP=false
18/09/2019 10:10:05  INFO [           main] b.c.s.a.s.c.TestNgSuiteRunner : ------------------------ Início da execução ------------------------
18/09/2019 10:10:05  INFO [           main] b.c.s.a.s.c.TestNgSuiteRunner : Gerando suíte para execução local...
18/09/2019 10:10:39  INFO [           main] b.c.s.a.s.l.SuiteListener : Finalizando a suíte de teste...
18/09/2019 10:10:39  INFO [           main] b.c.s.a.s.c.LoopRunner : LOOP=false
18/09/2019 10:34:21  INFO [           main] b.c.s.a.s.c.TestNgSuiteRunner : ------------------------ Início da execução ------------------------
18/09/2019 10:34:21  INFO [           main] b.c.s.a.s.c.TestNgSuiteRunner : Gerando suíte para execução local...
18/09/2019 10:34:51  INFO [           main] b.c.s.a.s.l.SuiteListener : Finalizando a suíte de teste...
18/09/2019 10:34:51  INFO [           main] b.c.s.a.s.c.LoopRunner : LOOP=false
18/09/2019 11:17:51  INFO [           main] b.c.s.a.s.c.TestNgSuiteRunner : ------------------------ Início da execução ------------------------
18/09/2019 11:17:51  INFO [           main] b.c.s.a.s.c.TestNgSuiteRunner : Gerando suíte para execução local...
18/09/2019 11:18:30  INFO [           main] b.c.s.a.s.l.SuiteListener : Finalizando a suíte de teste...
18/09/2019 11:18:30  INFO [           main] b.c.s.a.s.c.LoopRunner : LOOP=false
18/09/2019 15:36:38  INFO [           main] b.c.s.a.s.c.TestNgSuiteRunner : ------------------------ Início da execução ------------------------
18/09/2019 15:36:38  INFO [           main] b.c.s.a.s.c.TestNgSuiteRunner : Gerando suíte para execução local...
