17/09/2019 10:48:36 ERROR [           main] b.c.s.a.s.c.t.GerenciadorDeClassesDeTeste : Não foi encontrada a classe de nome 'testedeletar' ...
java.lang.ClassNotFoundException: testedeletar
	at java.net.URLClassLoader.findClass(Unknown Source) ~[?:1.8.0_191]
	at java.lang.ClassLoader.loadClass(Unknown Source) ~[?:1.8.0_191]
	at sun.misc.Launcher$AppClassLoader.loadClass(Unknown Source) ~[?:1.8.0_191]
	at java.lang.ClassLoader.loadClass(Unknown Source) ~[?:1.8.0_191]
	at java.lang.Class.forName0(Native Method) ~[?:1.8.0_191]
	at java.lang.Class.forName(Unknown Source) ~[?:1.8.0_191]
	at br.com.safra.automation.selenium.config.testclasses.GerenciadorDeClassesDeTeste.encontrarClasseDeTeste(GerenciadorDeClassesDeTeste.java:42) ~[classes/:?]
	at br.com.safra.automation.selenium.config.testclasses.GerenciadorDeClassesDeTesteParaRodar.lambda$0(GerenciadorDeClassesDeTesteParaRodar.java:42) ~[classes/:?]
	at java.lang.Iterable.forEach(Unknown Source) [?:1.8.0_191]
	at br.com.safra.automation.selenium.config.testclasses.GerenciadorDeClassesDeTesteParaRodar.getInstance(GerenciadorDeClassesDeTesteParaRodar.java:40) [classes/:?]
	at br.com.safra.automation.selenium.config.testclasses.GerenciadorDeClassesDeTesteParaRodar.getInstance(GerenciadorDeClassesDeTesteParaRodar.java:26) [classes/:?]
	at br.com.safra.automation.selenium.config.LoopRunner.<clinit>(LoopRunner.java:22) [classes/:?]
	at br.com.safra.app.runners.Main.main(Main.java:9) [classes/:?]
17/09/2019 10:57:07  INFO [           main] b.c.s.a.s.c.TestNgSuiteRunner : ------------------------ Início da execução ------------------------
17/09/2019 10:57:07  INFO [           main] b.c.s.a.s.c.TestNgSuiteRunner : Gerando suíte para execução local...
17/09/2019 11:02:49  INFO [           main] b.c.s.a.s.c.TestNgSuiteRunner : ------------------------ Início da execução ------------------------
17/09/2019 11:02:49  INFO [           main] b.c.s.a.s.c.TestNgSuiteRunner : Gerando suíte para execução local...
17/09/2019 11:03:21  INFO [           main] b.c.s.a.s.c.TestNgSuiteRunner : ------------------------ Início da execução ------------------------
17/09/2019 11:03:21  INFO [           main] b.c.s.a.s.c.TestNgSuiteRunner : Gerando suíte para execução local...
17/09/2019 11:03:40  INFO [           main] b.c.s.a.s.l.SuiteListener : Finalizando a suíte de teste...
17/09/2019 11:03:40  INFO [           main] b.c.s.a.s.c.LoopRunner : LOOP=false
17/09/2019 11:04:42  INFO [           main] b.c.s.a.s.c.TestNgSuiteRunner : ------------------------ Início da execução ------------------------
17/09/2019 11:04:42  INFO [           main] b.c.s.a.s.c.TestNgSuiteRunner : Gerando suíte para execução local...
17/09/2019 11:05:41  INFO [           main] b.c.s.a.s.c.TestNgSuiteRunner : ------------------------ Início da execução ------------------------
17/09/2019 11:05:41  INFO [           main] b.c.s.a.s.c.TestNgSuiteRunner : Gerando suíte para execução local...
17/09/2019 11:06:00  INFO [           main] b.c.s.a.s.l.SuiteListener : Finalizando a suíte de teste...
17/09/2019 11:06:00  INFO [           main] b.c.s.a.s.c.LoopRunner : LOOP=false
17/09/2019 11:07:26  INFO [           main] b.c.s.a.s.c.TestNgSuiteRunner : ------------------------ Início da execução ------------------------
17/09/2019 11:07:26  INFO [           main] b.c.s.a.s.c.TestNgSuiteRunner : Gerando suíte para execução local...
17/09/2019 11:24:36  INFO [           main] b.c.s.a.s.c.TestNgSuiteRunner : ------------------------ Início da execução ------------------------
17/09/2019 11:24:36  INFO [           main] b.c.s.a.s.c.TestNgSuiteRunner : Gerando suíte para execução local...
17/09/2019 11:25:02  INFO [           main] b.c.s.a.s.l.SuiteListener : Finalizando a suíte de teste...
17/09/2019 11:25:02  INFO [           main] b.c.s.a.s.c.LoopRunner : LOOP=false
17/09/2019 11:29:07  INFO [           main] b.c.s.a.s.c.TestNgSuiteRunner : ------------------------ Início da execução ------------------------
17/09/2019 11:29:07  INFO [           main] b.c.s.a.s.c.TestNgSuiteRunner : Gerando suíte para execução local...
17/09/2019 11:29:28  INFO [           main] b.c.s.a.s.l.SuiteListener : Finalizando a suíte de teste...
17/09/2019 11:29:28  INFO [           main] b.c.s.a.s.c.LoopRunner : LOOP=false
17/09/2019 11:29:53  INFO [           main] b.c.s.a.s.c.TestNgSuiteRunner : ------------------------ Início da execução ------------------------
17/09/2019 11:29:53  INFO [           main] b.c.s.a.s.c.TestNgSuiteRunner : Gerando suíte para execução local...
17/09/2019 11:30:16  INFO [           main] b.c.s.a.s.l.SuiteListener : Finalizando a suíte de teste...
17/09/2019 11:30:16  INFO [           main] b.c.s.a.s.c.LoopRunner : LOOP=false
17/09/2019 11:35:50  INFO [           main] b.c.s.a.s.c.TestNgSuiteRunner : ------------------------ Início da execução ------------------------
17/09/2019 11:35:50  INFO [           main] b.c.s.a.s.c.TestNgSuiteRunner : Gerando suíte para execução local...
17/09/2019 11:35:56  INFO [           main] b.c.s.a.s.l.SuiteListener : Finalizando a suíte de teste...
17/09/2019 11:35:56  INFO [           main] b.c.s.a.s.c.LoopRunner : LOOP=false
17/09/2019 11:36:35  INFO [           main] b.c.s.a.s.c.TestNgSuiteRunner : ------------------------ Início da execução ------------------------
17/09/2019 11:36:35  INFO [           main] b.c.s.a.s.c.TestNgSuiteRunner : Gerando suíte para execução local...
17/09/2019 11:36:41  INFO [           main] b.c.s.a.s.l.SuiteListener : Finalizando a suíte de teste...
17/09/2019 11:36:41  INFO [           main] b.c.s.a.s.c.LoopRunner : LOOP=false
17/09/2019 11:40:37  INFO [           main] b.c.s.a.s.c.TestNgSuiteRunner : ------------------------ Início da execução ------------------------
17/09/2019 11:40:37  INFO [           main] b.c.s.a.s.c.TestNgSuiteRunner : Gerando suíte para execução local...
17/09/2019 11:40:44  INFO [           main] b.c.s.a.s.l.SuiteListener : Finalizando a suíte de teste...
17/09/2019 11:40:44  INFO [           main] b.c.s.a.s.c.LoopRunner : LOOP=false
17/09/2019 11:50:24  INFO [           main] b.c.s.a.s.c.TestNgSuiteRunner : ------------------------ Início da execução ------------------------
17/09/2019 11:50:24  INFO [           main] b.c.s.a.s.c.TestNgSuiteRunner : Gerando suíte para execução local...
17/09/2019 11:50:30  INFO [           main] b.c.s.a.s.l.SuiteListener : Finalizando a suíte de teste...
17/09/2019 11:50:30  INFO [           main] b.c.s.a.s.c.LoopRunner : LOOP=false
17/09/2019 11:51:41  INFO [           main] b.c.s.a.s.c.TestNgSuiteRunner : ------------------------ Início da execução ------------------------
17/09/2019 11:51:41  INFO [           main] b.c.s.a.s.c.TestNgSuiteRunner : Gerando suíte para execução local...
17/09/2019 11:51:47  INFO [           main] b.c.s.a.s.l.SuiteListener : Finalizando a suíte de teste...
17/09/2019 11:51:47  INFO [           main] b.c.s.a.s.c.LoopRunner : LOOP=false
17/09/2019 11:52:41  INFO [           main] b.c.s.a.s.c.TestNgSuiteRunner : ------------------------ Início da execução ------------------------
17/09/2019 11:52:41  INFO [           main] b.c.s.a.s.c.TestNgSuiteRunner : Gerando suíte para execução local...
17/09/2019 11:52:48  INFO [           main] b.c.s.a.s.l.SuiteListener : Finalizando a suíte de teste...
17/09/2019 11:52:48  INFO [           main] b.c.s.a.s.c.LoopRunner : LOOP=false
17/09/2019 11:54:28  INFO [           main] b.c.s.a.s.c.TestNgSuiteRunner : ------------------------ Início da execução ------------------------
17/09/2019 11:54:28  INFO [           main] b.c.s.a.s.c.TestNgSuiteRunner : Gerando suíte para execução local...
17/09/2019 11:54:34  INFO [           main] b.c.s.a.s.l.SuiteListener : Finalizando a suíte de teste...
17/09/2019 11:54:34  INFO [           main] b.c.s.a.s.c.LoopRunner : LOOP=false
17/09/2019 11:55:17  INFO [           main] b.c.s.a.s.c.TestNgSuiteRunner : ------------------------ Início da execução ------------------------
17/09/2019 11:55:17  INFO [           main] b.c.s.a.s.c.TestNgSuiteRunner : Gerando suíte para execução local...
17/09/2019 11:55:24  INFO [           main] b.c.s.a.s.l.SuiteListener : Finalizando a suíte de teste...
17/09/2019 11:55:24  INFO [           main] b.c.s.a.s.c.LoopRunner : LOOP=false
17/09/2019 11:59:45  INFO [           main] b.c.s.a.s.c.TestNgSuiteRunner : ------------------------ Início da execução ------------------------
17/09/2019 11:59:45  INFO [           main] b.c.s.a.s.c.TestNgSuiteRunner : Gerando suíte para execução local...
17/09/2019 11:59:51  INFO [           main] b.c.s.a.s.l.SuiteListener : Finalizando a suíte de teste...
17/09/2019 11:59:51  INFO [           main] b.c.s.a.s.c.LoopRunner : LOOP=false
17/09/2019 12:00:00  INFO [           main] b.c.s.a.s.c.TestNgSuiteRunner : ------------------------ Início da execução ------------------------
17/09/2019 12:00:00  INFO [           main] b.c.s.a.s.c.TestNgSuiteRunner : Gerando suíte para execução local...
17/09/2019 12:02:54  INFO [           main] b.c.s.a.s.c.TestNgSuiteRunner : ------------------------ Início da execução ------------------------
17/09/2019 12:02:54  INFO [           main] b.c.s.a.s.c.TestNgSuiteRunner : Gerando suíte para execução local...
17/09/2019 12:35:42  INFO [           main] b.c.s.a.s.c.TestNgSuiteRunner : ------------------------ Início da execução ------------------------
17/09/2019 12:35:42  INFO [           main] b.c.s.a.s.c.TestNgSuiteRunner : Gerando suíte para execução local...
17/09/2019 12:35:52  INFO [           main] b.c.s.a.s.l.SuiteListener : Finalizando a suíte de teste...
17/09/2019 12:35:52  INFO [           main] b.c.s.a.s.c.LoopRunner : LOOP=false
17/09/2019 13:01:38  INFO [           main] b.c.s.a.s.c.TestNgSuiteRunner : ------------------------ Início da execução ------------------------
17/09/2019 13:01:38  INFO [           main] b.c.s.a.s.c.TestNgSuiteRunner : Gerando suíte para execução local...
17/09/2019 13:01:48  INFO [           main] b.c.s.a.s.l.SuiteListener : Finalizando a suíte de teste...
17/09/2019 13:01:48  INFO [           main] b.c.s.a.s.c.LoopRunner : LOOP=false
17/09/2019 14:24:56  INFO [           main] b.c.s.a.s.c.TestNgSuiteRunner : ------------------------ Início da execução ------------------------
17/09/2019 14:24:56  INFO [           main] b.c.s.a.s.c.TestNgSuiteRunner : Gerando suíte para execução local...
17/09/2019 14:40:15  INFO [           main] b.c.s.a.s.c.TestNgSuiteRunner : ------------------------ Início da execução ------------------------
17/09/2019 14:40:15  INFO [           main] b.c.s.a.s.c.TestNgSuiteRunner : Gerando suíte para execução local...
17/09/2019 15:41:22  INFO [           main] b.c.s.a.s.c.TestNgSuiteRunner : ------------------------ Início da execução ------------------------
17/09/2019 15:41:22  INFO [           main] b.c.s.a.s.c.TestNgSuiteRunner : Gerando suíte para execução local...
17/09/2019 16:05:40  INFO [           main] b.c.s.a.s.c.TestNgSuiteRunner : ------------------------ Início da execução ------------------------
17/09/2019 16:05:40  INFO [           main] b.c.s.a.s.c.TestNgSuiteRunner : Gerando suíte para execução local...
17/09/2019 16:06:38  INFO [           main] b.c.s.a.s.c.TestNgSuiteRunner : ------------------------ Início da execução ------------------------
17/09/2019 16:06:38  INFO [           main] b.c.s.a.s.c.TestNgSuiteRunner : Gerando suíte para execução local...
17/09/2019 16:07:40  INFO [           main] b.c.s.a.s.c.TestNgSuiteRunner : ------------------------ Início da execução ------------------------
17/09/2019 16:07:40  INFO [           main] b.c.s.a.s.c.TestNgSuiteRunner : Gerando suíte para execução local...
17/09/2019 16:08:30  INFO [           main] b.c.s.a.s.c.TestNgSuiteRunner : ------------------------ Início da execução ------------------------
17/09/2019 16:08:30  INFO [           main] b.c.s.a.s.c.TestNgSuiteRunner : Gerando suíte para execução local...
17/09/2019 16:10:35  INFO [           main] b.c.s.a.s.c.TestNgSuiteRunner : ------------------------ Início da execução ------------------------
17/09/2019 16:10:35  INFO [           main] b.c.s.a.s.c.TestNgSuiteRunner : Gerando suíte para execução local...
17/09/2019 16:13:39  INFO [           main] b.c.s.a.s.c.TestNgSuiteRunner : ------------------------ Início da execução ------------------------
17/09/2019 16:13:39  INFO [           main] b.c.s.a.s.c.TestNgSuiteRunner : Gerando suíte para execução local...
17/09/2019 16:15:34  INFO [           main] b.c.s.a.s.c.TestNgSuiteRunner : ------------------------ Início da execução ------------------------
17/09/2019 16:15:34  INFO [           main] b.c.s.a.s.c.TestNgSuiteRunner : Gerando suíte para execução local...
17/09/2019 17:06:42  INFO [           main] b.c.s.a.s.c.TestNgSuiteRunner : ------------------------ Início da execução ------------------------
17/09/2019 17:06:42  INFO [           main] b.c.s.a.s.c.TestNgSuiteRunner : Gerando suíte para execução local...
