09/09/2019 12:06:21  INFO [           main] b.c.s.a.s.c.TestNgSuiteRunner : ------------------------ Início da execução ------------------------
09/09/2019 12:06:21  INFO [           main] b.c.s.a.s.c.TestNgSuiteRunner : Gerando suíte para execução local...
09/09/2019 12:30:57  INFO [           main] b.c.s.a.s.c.TestNgSuiteRunner : ------------------------ Início da execução ------------------------
09/09/2019 12:30:57  INFO [           main] b.c.s.a.s.c.TestNgSuiteRunner : Gerando suíte para execução local...
09/09/2019 12:32:33  INFO [           main] b.c.s.a.s.l.TestListener : Teste Test_0001_AberturaECredenciamento falhou ...
09/09/2019 12:32:34  INFO [           main] b.c.s.a.s.l.SuiteListener : Finalizando a suíte de teste...
09/09/2019 12:32:34  INFO [           main] b.c.s.a.s.c.LoopRunner : LOOP=false
09/09/2019 14:07:17  INFO [           main] b.c.s.a.s.c.TestNgSuiteRunner : ------------------------ Início da execução ------------------------
09/09/2019 14:07:17  INFO [           main] b.c.s.a.s.c.TestNgSuiteRunner : Gerando suíte para execução local...
09/09/2019 14:07:53  INFO [           main] b.c.s.a.s.l.TestListener : Teste Test_0001_AberturaECredenciamento falhou ...
09/09/2019 14:07:53  INFO [           main] b.c.s.a.s.l.SuiteListener : Finalizando a suíte de teste...
09/09/2019 14:07:53  INFO [           main] b.c.s.a.s.c.LoopRunner : LOOP=false
09/09/2019 14:08:05  INFO [           main] b.c.s.a.s.c.TestNgSuiteRunner : ------------------------ Início da execução ------------------------
09/09/2019 14:08:05  INFO [           main] b.c.s.a.s.c.TestNgSuiteRunner : Gerando suíte para execução local...
09/09/2019 14:09:39  INFO [           main] b.c.s.a.s.l.TestListener : Teste Test_0001_AberturaECredenciamento falhou ...
09/09/2019 14:09:39  INFO [           main] b.c.s.a.s.l.SuiteListener : Finalizando a suíte de teste...
09/09/2019 14:09:39  INFO [           main] b.c.s.a.s.c.LoopRunner : LOOP=false
09/09/2019 14:10:02  INFO [           main] b.c.s.a.s.c.TestNgSuiteRunner : ------------------------ Início da execução ------------------------
09/09/2019 14:10:02  INFO [           main] b.c.s.a.s.c.TestNgSuiteRunner : Gerando suíte para execução local...
09/09/2019 14:11:37  INFO [           main] b.c.s.a.s.l.TestListener : Teste Test_0001_AberturaECredenciamento falhou ...
09/09/2019 14:11:38  INFO [           main] b.c.s.a.s.l.SuiteListener : Finalizando a suíte de teste...
09/09/2019 14:11:38  INFO [           main] b.c.s.a.s.c.LoopRunner : LOOP=false
09/09/2019 14:17:03  INFO [           main] b.c.s.a.s.c.TestNgSuiteRunner : ------------------------ Início da execução ------------------------
09/09/2019 14:17:03  INFO [           main] b.c.s.a.s.c.TestNgSuiteRunner : Gerando suíte para execução local...
09/09/2019 14:18:25  INFO [           main] b.c.s.a.s.c.TestNgSuiteRunner : ------------------------ Início da execução ------------------------
09/09/2019 14:18:25  INFO [           main] b.c.s.a.s.c.TestNgSuiteRunner : Gerando suíte para execução local...
09/09/2019 14:19:06  INFO [           main] b.c.s.a.s.l.TestListener : Teste Test_0001_AberturaECredenciamento teve sucesso ...
09/09/2019 14:19:07  INFO [           main] b.c.s.a.s.l.SuiteListener : Finalizando a suíte de teste...
09/09/2019 14:19:07  INFO [           main] b.c.s.a.s.c.LoopRunner : LOOP=false
09/09/2019 14:19:35  INFO [           main] b.c.s.a.s.c.TestNgSuiteRunner : ------------------------ Início da execução ------------------------
09/09/2019 14:19:35  INFO [           main] b.c.s.a.s.c.TestNgSuiteRunner : Gerando suíte para execução local...
09/09/2019 14:21:34  INFO [           main] b.c.s.a.s.c.TestNgSuiteRunner : ------------------------ Início da execução ------------------------
09/09/2019 14:21:34  INFO [           main] b.c.s.a.s.c.TestNgSuiteRunner : Gerando suíte para execução local...
09/09/2019 14:22:11  INFO [           main] b.c.s.a.s.l.TestListener : Teste Test_0001_AberturaECredenciamento falhou ...
09/09/2019 14:22:12  INFO [           main] b.c.s.a.s.l.SuiteListener : Finalizando a suíte de teste...
09/09/2019 14:22:12  INFO [           main] b.c.s.a.s.c.LoopRunner : LOOP=false
09/09/2019 14:22:40  INFO [           main] b.c.s.a.s.c.TestNgSuiteRunner : ------------------------ Início da execução ------------------------
09/09/2019 14:22:40  INFO [           main] b.c.s.a.s.c.TestNgSuiteRunner : Gerando suíte para execução local...
09/09/2019 14:24:25  INFO [           main] b.c.s.a.s.c.TestNgSuiteRunner : ------------------------ Início da execução ------------------------
09/09/2019 14:24:25  INFO [           main] b.c.s.a.s.c.TestNgSuiteRunner : Gerando suíte para execução local...
09/09/2019 14:24:56  INFO [           main] b.c.s.a.s.l.TestListener : Teste Test_0001_AberturaECredenciamento teve sucesso ...
09/09/2019 14:25:02 ERROR [           main] b.c.s.a.s.l.TestListener : Não foi possível fazer captura de tela...
org.openqa.selenium.WebDriverException: chrome not reachable
  (Session info: chrome=76.0.3809.132)
Build info: version: '3.12.0', revision: '7c6e0b3', time: '2018-05-08T14:04:26.12Z'
System info: host: 'MT607869', ip: '10.96.32.126', os.name: 'Windows 10', os.arch: 'amd64', os.version: '10.0', java.version: '1.8.0_191'
Driver info: org.openqa.selenium.chrome.ChromeDriver
Capabilities {acceptInsecureCerts: false, browserName: chrome, browserVersion: 76.0.3809.132, chrome: {chromedriverVersion: 76.0.3809.126 (d80a294506b4..., userDataDir: C:\Temp\scoped_dir4300_5133...}, goog:chromeOptions: {debuggerAddress: localhost:53136}, javascriptEnabled: true, networkConnectionEnabled: false, pageLoadStrategy: normal, platform: XP, platformName: XP, proxy: Proxy(), setWindowRect: true, strictFileInteractability: false, timeouts: {implicit: 0, pageLoad: 300000, script: 30000}, unhandledPromptBehavior: dismiss and notify}
Session ID: c34b4817040cf8e1dff68d9216f61cd9
	at sun.reflect.NativeConstructorAccessorImpl.newInstance0(Native Method) ~[?:1.8.0_191]
	at sun.reflect.NativeConstructorAccessorImpl.newInstance(Unknown Source) ~[?:1.8.0_191]
	at sun.reflect.DelegatingConstructorAccessorImpl.newInstance(Unknown Source) ~[?:1.8.0_191]
	at java.lang.reflect.Constructor.newInstance(Unknown Source) ~[?:1.8.0_191]
	at org.openqa.selenium.remote.http.W3CHttpResponseCodec.createException(W3CHttpResponseCodec.java:187) ~[selenium-remote-driver-3.12.0.jar:?]
	at org.openqa.selenium.remote.http.W3CHttpResponseCodec.decode(W3CHttpResponseCodec.java:122) ~[selenium-remote-driver-3.12.0.jar:?]
	at org.openqa.selenium.remote.http.W3CHttpResponseCodec.decode(W3CHttpResponseCodec.java:49) ~[selenium-remote-driver-3.12.0.jar:?]
	at org.openqa.selenium.remote.HttpCommandExecutor.execute(HttpCommandExecutor.java:158) ~[selenium-remote-driver-3.12.0.jar:?]
	at org.openqa.selenium.remote.service.DriverCommandExecutor.execute(DriverCommandExecutor.java:83) ~[selenium-remote-driver-3.12.0.jar:?]
	at org.openqa.selenium.remote.RemoteWebDriver.execute(RemoteWebDriver.java:543) ~[selenium-remote-driver-3.12.0.jar:?]
	at org.openqa.selenium.remote.RemoteWebDriver.execute(RemoteWebDriver.java:600) ~[selenium-remote-driver-3.12.0.jar:?]
	at org.openqa.selenium.remote.RemoteWebDriver.getScreenshotAs(RemoteWebDriver.java:289) ~[selenium-remote-driver-3.12.0.jar:?]
	at br.com.safra.automation.selenium.listeners.TestListener.writeScreenshotToFile(TestListener.java:168) ~[classes/:?]
	at br.com.safra.automation.selenium.listeners.TestListener.saveScreenshot(TestListener.java:185) [classes/:?]
	at br.com.safra.automation.selenium.listeners.TestListener.capturaTela(TestListener.java:205) [classes/:?]
	at br.com.safra.automation.selenium.listeners.TestListener.finalizaTesteFeito(TestListener.java:85) [classes/:?]
	at br.com.safra.automation.selenium.listeners.TestListener.onTestSuccess(TestListener.java:75) [classes/:?]
	at org.testng.internal.Invoker.runTestListeners(Invoker.java:1735) [testng-6.11.jar:?]
	at org.testng.internal.Invoker.runTestListeners(Invoker.java:1714) [testng-6.11.jar:?]
	at org.testng.internal.Invoker.invokeMethod(Invoker.java:714) [testng-6.11.jar:?]
	at org.testng.internal.Invoker.invokeTestMethod(Invoker.java:869) [testng-6.11.jar:?]
	at org.testng.internal.Invoker.invokeTestMethods(Invoker.java:1193) [testng-6.11.jar:?]
	at org.testng.internal.TestMethodWorker.invokeTestMethods(TestMethodWorker.java:126) [testng-6.11.jar:?]
	at org.testng.internal.TestMethodWorker.run(TestMethodWorker.java:109) [testng-6.11.jar:?]
	at org.testng.TestRunner.privateRun(TestRunner.java:744) [testng-6.11.jar:?]
	at org.testng.TestRunner.run(TestRunner.java:602) [testng-6.11.jar:?]
	at org.testng.SuiteRunner.runTest(SuiteRunner.java:380) [testng-6.11.jar:?]
	at org.testng.SuiteRunner.runSequentially(SuiteRunner.java:375) [testng-6.11.jar:?]
	at org.testng.SuiteRunner.privateRun(SuiteRunner.java:340) [testng-6.11.jar:?]
	at org.testng.SuiteRunner.run(SuiteRunner.java:289) [testng-6.11.jar:?]
	at org.testng.SuiteRunnerWorker.runSuite(SuiteRunnerWorker.java:52) [testng-6.11.jar:?]
	at org.testng.SuiteRunnerWorker.run(SuiteRunnerWorker.java:86) [testng-6.11.jar:?]
	at org.testng.TestNG.runSuitesSequentially(TestNG.java:1301) [testng-6.11.jar:?]
	at org.testng.TestNG.runSuitesLocally(TestNG.java:1226) [testng-6.11.jar:?]
	at org.testng.TestNG.runSuites(TestNG.java:1144) [testng-6.11.jar:?]
	at org.testng.TestNG.run(TestNG.java:1115) [testng-6.11.jar:?]
	at br.com.safra.automation.selenium.config.TestNgSuiteRunner.execute(TestNgSuiteRunner.java:55) [classes/:?]
	at br.com.safra.automation.selenium.config.LoopRunner.executarLocal(LoopRunner.java:63) [classes/:?]
	at br.com.safra.automation.selenium.config.LoopRunner.executar(LoopRunner.java:42) [classes/:?]
	at br.com.safra.automation.selenium.config.LoopRunner.executar(LoopRunner.java:24) [classes/:?]
	at br.com.safra.app.runners.Main.main(Main.java:9) [classes/:?]
09/09/2019 14:25:02  INFO [           main] b.c.s.a.s.l.SuiteListener : Finalizando a suíte de teste...
09/09/2019 14:25:02  INFO [           main] b.c.s.a.s.c.LoopRunner : LOOP=false
09/09/2019 14:26:44  INFO [           main] b.c.s.a.s.l.TestListener : Teste Test_0001_AberturaECredenciamento teve sucesso ...
09/09/2019 14:26:45  INFO [           main] b.c.s.a.s.l.SuiteListener : Finalizando a suíte de teste...
09/09/2019 14:26:45  INFO [           main] b.c.s.a.s.c.LoopRunner : LOOP=false
09/09/2019 14:26:54  INFO [           main] b.c.s.a.s.c.TestNgSuiteRunner : ------------------------ Início da execução ------------------------
09/09/2019 14:26:54  INFO [           main] b.c.s.a.s.c.TestNgSuiteRunner : Gerando suíte para execução local...
09/09/2019 14:31:29  INFO [           main] b.c.s.a.s.c.TestNgSuiteRunner : ------------------------ Início da execução ------------------------
09/09/2019 14:31:29  INFO [           main] b.c.s.a.s.c.TestNgSuiteRunner : Gerando suíte para execução local...
09/09/2019 15:26:58  INFO [           main] b.c.s.a.s.c.TestNgSuiteRunner : ------------------------ Início da execução ------------------------
09/09/2019 15:26:58  INFO [           main] b.c.s.a.s.c.TestNgSuiteRunner : Gerando suíte para execução local...
09/09/2019 15:28:17  INFO [           main] b.c.s.a.s.c.TestNgSuiteRunner : ------------------------ Início da execução ------------------------
09/09/2019 15:28:17  INFO [           main] b.c.s.a.s.c.TestNgSuiteRunner : Gerando suíte para execução local...
09/09/2019 15:31:35  INFO [           main] b.c.s.a.s.l.TestListener : Teste Test_0001_AberturaECredenciamento falhou ...
09/09/2019 15:31:35  INFO [           main] b.c.s.a.s.l.SuiteListener : Finalizando a suíte de teste...
09/09/2019 15:31:35  INFO [           main] b.c.s.a.s.c.LoopRunner : LOOP=false
09/09/2019 16:22:34  INFO [           main] b.c.s.a.s.c.TestNgSuiteRunner : ------------------------ Início da execução ------------------------
09/09/2019 16:22:34  INFO [           main] b.c.s.a.s.c.TestNgSuiteRunner : Gerando suíte para execução local...
09/09/2019 16:23:04  INFO [           main] b.c.s.a.s.l.TestListener : Teste Test_0001_AberturaECredenciamento falhou ...
09/09/2019 16:23:04  INFO [           main] b.c.s.a.s.l.SuiteListener : Finalizando a suíte de teste...
09/09/2019 16:23:04  INFO [           main] b.c.s.a.s.c.LoopRunner : LOOP=false
09/09/2019 16:23:12  INFO [           main] b.c.s.a.s.c.TestNgSuiteRunner : ------------------------ Início da execução ------------------------
09/09/2019 16:23:12  INFO [           main] b.c.s.a.s.c.TestNgSuiteRunner : Gerando suíte para execução local...
09/09/2019 16:25:06  INFO [           main] b.c.s.a.s.c.TestNgSuiteRunner : ------------------------ Início da execução ------------------------
09/09/2019 16:25:06  INFO [           main] b.c.s.a.s.c.TestNgSuiteRunner : Gerando suíte para execução local...
09/09/2019 16:28:34  INFO [           main] b.c.s.a.s.l.TestListener : Teste Test_0001_AberturaECredenciamento falhou ...
09/09/2019 16:28:34  INFO [           main] b.c.s.a.s.l.SuiteListener : Finalizando a suíte de teste...
09/09/2019 16:28:34  INFO [           main] b.c.s.a.s.c.LoopRunner : LOOP=false
09/09/2019 16:29:15  INFO [           main] b.c.s.a.s.c.TestNgSuiteRunner : ------------------------ Início da execução ------------------------
09/09/2019 16:29:15  INFO [           main] b.c.s.a.s.c.TestNgSuiteRunner : Gerando suíte para execução local...
09/09/2019 16:31:18  INFO [           main] b.c.s.a.s.c.TestNgSuiteRunner : ------------------------ Início da execução ------------------------
09/09/2019 16:31:18  INFO [           main] b.c.s.a.s.c.TestNgSuiteRunner : Gerando suíte para execução local...
09/09/2019 16:33:07  INFO [           main] b.c.s.a.s.c.TestNgSuiteRunner : ------------------------ Início da execução ------------------------
09/09/2019 16:33:07  INFO [           main] b.c.s.a.s.c.TestNgSuiteRunner : Gerando suíte para execução local...
09/09/2019 16:35:53  INFO [           main] b.c.s.a.s.c.TestNgSuiteRunner : ------------------------ Início da execução ------------------------
09/09/2019 16:35:53  INFO [           main] b.c.s.a.s.c.TestNgSuiteRunner : Gerando suíte para execução local...
09/09/2019 16:37:46  INFO [           main] b.c.s.a.s.l.TestListener : Teste Test_0001_AberturaECredenciamento falhou ...
09/09/2019 16:37:46  INFO [           main] b.c.s.a.s.l.SuiteListener : Finalizando a suíte de teste...
09/09/2019 16:37:46  INFO [           main] b.c.s.a.s.c.LoopRunner : LOOP=false
09/09/2019 16:38:48  INFO [           main] b.c.s.a.s.c.TestNgSuiteRunner : ------------------------ Início da execução ------------------------
09/09/2019 16:38:48  INFO [           main] b.c.s.a.s.c.TestNgSuiteRunner : Gerando suíte para execução local...
09/09/2019 16:40:59  INFO [           main] b.c.s.a.s.c.TestNgSuiteRunner : ------------------------ Início da execução ------------------------
09/09/2019 16:40:59  INFO [           main] b.c.s.a.s.c.TestNgSuiteRunner : Gerando suíte para execução local...
09/09/2019 16:42:22  INFO [           main] b.c.s.a.s.l.TestListener : Teste Test_0001_AberturaECredenciamento teve sucesso ...
09/09/2019 16:42:22  INFO [           main] b.c.s.a.s.l.SuiteListener : Finalizando a suíte de teste...
09/09/2019 16:42:22  INFO [           main] b.c.s.a.s.c.LoopRunner : LOOP=false
09/09/2019 16:42:30  INFO [           main] b.c.s.a.s.c.TestNgSuiteRunner : ------------------------ Início da execução ------------------------
09/09/2019 16:42:30  INFO [           main] b.c.s.a.s.c.TestNgSuiteRunner : Gerando suíte para execução local...
09/09/2019 16:43:23  INFO [           main] b.c.s.a.s.l.TestListener : Teste Test_0001_AberturaECredenciamento falhou ...
09/09/2019 16:43:24  INFO [           main] b.c.s.a.s.l.SuiteListener : Finalizando a suíte de teste...
09/09/2019 16:43:24  INFO [           main] b.c.s.a.s.c.LoopRunner : LOOP=false
09/09/2019 16:44:51  INFO [           main] b.c.s.a.s.c.TestNgSuiteRunner : ------------------------ Início da execução ------------------------
09/09/2019 16:44:51  INFO [           main] b.c.s.a.s.c.TestNgSuiteRunner : Gerando suíte para execução local...
09/09/2019 16:45:37  INFO [           main] b.c.s.a.s.l.TestListener : Teste Test_0001_AberturaECredenciamento teve sucesso ...
09/09/2019 16:45:37  INFO [           main] b.c.s.a.s.l.SuiteListener : Finalizando a suíte de teste...
09/09/2019 16:45:37  INFO [           main] b.c.s.a.s.c.LoopRunner : LOOP=false
09/09/2019 16:54:44  INFO [           main] b.c.s.a.s.c.TestNgSuiteRunner : ------------------------ Início da execução ------------------------
09/09/2019 16:54:44  INFO [           main] b.c.s.a.s.c.TestNgSuiteRunner : Gerando suíte para execução local...
09/09/2019 17:02:34  INFO [           main] b.c.s.a.s.c.TestNgSuiteRunner : ------------------------ Início da execução ------------------------
09/09/2019 17:02:34  INFO [           main] b.c.s.a.s.c.TestNgSuiteRunner : Gerando suíte para execução local...
09/09/2019 17:03:05  INFO [           main] b.c.s.a.s.l.TestListener : Teste Test_0001_AberturaECredenciamento falhou ...
09/09/2019 17:03:05  INFO [           main] b.c.s.a.s.l.SuiteListener : Finalizando a suíte de teste...
09/09/2019 17:03:05  INFO [           main] b.c.s.a.s.c.LoopRunner : LOOP=false
09/09/2019 17:03:40  INFO [           main] b.c.s.a.s.c.TestNgSuiteRunner : ------------------------ Início da execução ------------------------
09/09/2019 17:03:40  INFO [           main] b.c.s.a.s.c.TestNgSuiteRunner : Gerando suíte para execução local...
09/09/2019 17:04:23  INFO [           main] b.c.s.a.s.l.TestListener : Teste Test_0001_AberturaECredenciamento teve sucesso ...
09/09/2019 17:04:23  INFO [           main] b.c.s.a.s.l.SuiteListener : Finalizando a suíte de teste...
09/09/2019 17:04:23  INFO [           main] b.c.s.a.s.c.LoopRunner : LOOP=false
09/09/2019 17:05:33  INFO [           main] b.c.s.a.s.c.TestNgSuiteRunner : ------------------------ Início da execução ------------------------
09/09/2019 17:05:33  INFO [           main] b.c.s.a.s.c.TestNgSuiteRunner : Gerando suíte para execução local...
09/09/2019 17:18:49  INFO [           main] b.c.s.a.s.c.TestNgSuiteRunner : ------------------------ Início da execução ------------------------
09/09/2019 17:18:49  INFO [           main] b.c.s.a.s.c.TestNgSuiteRunner : Gerando suíte para execução local...
09/09/2019 17:19:34  INFO [           main] b.c.s.a.s.l.TestListener : Teste Test_0001_AberturaECredenciamento falhou ...
09/09/2019 17:19:34  INFO [           main] b.c.s.a.s.l.SuiteListener : Finalizando a suíte de teste...
09/09/2019 17:19:34  INFO [           main] b.c.s.a.s.c.LoopRunner : LOOP=false
09/09/2019 17:19:57  INFO [           main] b.c.s.a.s.c.TestNgSuiteRunner : ------------------------ Início da execução ------------------------
09/09/2019 17:19:57  INFO [           main] b.c.s.a.s.c.TestNgSuiteRunner : Gerando suíte para execução local...
09/09/2019 17:24:52  INFO [           main] b.c.s.a.s.c.TestNgSuiteRunner : ------------------------ Início da execução ------------------------
09/09/2019 17:24:52  INFO [           main] b.c.s.a.s.c.TestNgSuiteRunner : Gerando suíte para execução local...
09/09/2019 17:34:25  INFO [           main] b.c.s.a.s.c.TestNgSuiteRunner : ------------------------ Início da execução ------------------------
09/09/2019 17:34:25  INFO [           main] b.c.s.a.s.c.TestNgSuiteRunner : Gerando suíte para execução local...
09/09/2019 17:35:14  INFO [           main] b.c.s.a.s.l.TestListener : Teste Test_0001_AberturaECredenciamento falhou ...
09/09/2019 17:35:15  INFO [           main] b.c.s.a.s.l.SuiteListener : Finalizando a suíte de teste...
09/09/2019 17:35:15  INFO [           main] b.c.s.a.s.c.LoopRunner : LOOP=false
09/09/2019 17:35:32  INFO [           main] b.c.s.a.s.c.TestNgSuiteRunner : ------------------------ Início da execução ------------------------
09/09/2019 17:35:32  INFO [           main] b.c.s.a.s.c.TestNgSuiteRunner : Gerando suíte para execução local...
09/09/2019 17:38:26  INFO [           main] b.c.s.a.s.c.TestNgSuiteRunner : ------------------------ Início da execução ------------------------
09/09/2019 17:38:26  INFO [           main] b.c.s.a.s.c.TestNgSuiteRunner : Gerando suíte para execução local...
09/09/2019 17:39:16  INFO [           main] b.c.s.a.s.l.TestListener : Teste Test_0001_AberturaECredenciamento falhou ...
09/09/2019 17:39:16  INFO [           main] b.c.s.a.s.l.SuiteListener : Finalizando a suíte de teste...
09/09/2019 17:39:16  INFO [           main] b.c.s.a.s.c.LoopRunner : LOOP=false
09/09/2019 17:39:39  INFO [           main] b.c.s.a.s.c.TestNgSuiteRunner : ------------------------ Início da execução ------------------------
09/09/2019 17:39:39  INFO [           main] b.c.s.a.s.c.TestNgSuiteRunner : Gerando suíte para execução local...
09/09/2019 17:40:28  INFO [           main] b.c.s.a.s.l.TestListener : Teste Test_0001_AberturaECredenciamento falhou ...
09/09/2019 17:40:28  INFO [           main] b.c.s.a.s.l.SuiteListener : Finalizando a suíte de teste...
09/09/2019 17:40:28  INFO [           main] b.c.s.a.s.c.LoopRunner : LOOP=false
09/09/2019 17:41:07  INFO [           main] b.c.s.a.s.c.TestNgSuiteRunner : ------------------------ Início da execução ------------------------
09/09/2019 17:41:07  INFO [           main] b.c.s.a.s.c.TestNgSuiteRunner : Gerando suíte para execução local...
09/09/2019 17:42:21  INFO [           main] b.c.s.a.s.c.TestNgSuiteRunner : ------------------------ Início da execução ------------------------
09/09/2019 17:42:21  INFO [           main] b.c.s.a.s.c.TestNgSuiteRunner : Gerando suíte para execução local...
09/09/2019 17:51:03  INFO [           main] b.c.s.a.s.c.TestNgSuiteRunner : ------------------------ Início da execução ------------------------
09/09/2019 17:51:03  INFO [           main] b.c.s.a.s.c.TestNgSuiteRunner : Gerando suíte para execução local...
09/09/2019 17:52:47  INFO [           main] b.c.s.a.s.c.TestNgSuiteRunner : ------------------------ Início da execução ------------------------
09/09/2019 17:52:47  INFO [           main] b.c.s.a.s.c.TestNgSuiteRunner : Gerando suíte para execução local...
09/09/2019 18:00:10  INFO [           main] b.c.s.a.s.c.TestNgSuiteRunner : ------------------------ Início da execução ------------------------
09/09/2019 18:00:10  INFO [           main] b.c.s.a.s.c.TestNgSuiteRunner : Gerando suíte para execução local...
09/09/2019 18:01:09  INFO [           main] b.c.s.a.s.l.TestListener : Teste Test_0001_AberturaECredenciamento falhou ...
09/09/2019 18:01:09  INFO [           main] b.c.s.a.s.l.SuiteListener : Finalizando a suíte de teste...
09/09/2019 18:01:09  INFO [           main] b.c.s.a.s.c.LoopRunner : LOOP=false
09/09/2019 18:01:35  INFO [           main] b.c.s.a.s.c.TestNgSuiteRunner : ------------------------ Início da execução ------------------------
09/09/2019 18:01:35  INFO [           main] b.c.s.a.s.c.TestNgSuiteRunner : Gerando suíte para execução local...
09/09/2019 18:02:44  INFO [           main] b.c.s.a.s.c.TestNgSuiteRunner : ------------------------ Início da execução ------------------------
09/09/2019 18:02:44  INFO [           main] b.c.s.a.s.c.TestNgSuiteRunner : Gerando suíte para execução local...
09/09/2019 18:03:57  INFO [           main] b.c.s.a.s.c.TestNgSuiteRunner : ------------------------ Início da execução ------------------------
09/09/2019 18:03:57  INFO [           main] b.c.s.a.s.c.TestNgSuiteRunner : Gerando suíte para execução local...
09/09/2019 18:04:33  INFO [           main] b.c.s.a.s.l.TestListener : Teste Test_0001_AberturaECredenciamento falhou ...
09/09/2019 18:04:33  INFO [           main] b.c.s.a.s.l.SuiteListener : Finalizando a suíte de teste...
09/09/2019 18:04:33  INFO [           main] b.c.s.a.s.c.LoopRunner : LOOP=false
09/09/2019 18:04:59  INFO [           main] b.c.s.a.s.c.TestNgSuiteRunner : ------------------------ Início da execução ------------------------
09/09/2019 18:04:59  INFO [           main] b.c.s.a.s.c.TestNgSuiteRunner : Gerando suíte para execução local...
09/09/2019 18:06:05  INFO [           main] b.c.s.a.s.l.TestListener : Teste Test_0001_AberturaECredenciamento teve sucesso ...
09/09/2019 18:06:06  INFO [           main] b.c.s.a.s.l.SuiteListener : Finalizando a suíte de teste...
09/09/2019 18:06:06  INFO [           main] b.c.s.a.s.c.LoopRunner : LOOP=false
09/09/2019 18:06:32  INFO [           main] b.c.s.a.s.c.TestNgSuiteRunner : ------------------------ Início da execução ------------------------
09/09/2019 18:06:32  INFO [           main] b.c.s.a.s.c.TestNgSuiteRunner : Gerando suíte para execução local...
09/09/2019 18:11:11  INFO [           main] b.c.s.a.s.c.TestNgSuiteRunner : ------------------------ Início da execução ------------------------
09/09/2019 18:11:11  INFO [           main] b.c.s.a.s.c.TestNgSuiteRunner : Gerando suíte para execução local...
09/09/2019 18:48:41  INFO [           main] b.c.s.a.s.c.TestNgSuiteRunner : ------------------------ Início da execução ------------------------
09/09/2019 18:48:41  INFO [           main] b.c.s.a.s.c.TestNgSuiteRunner : Gerando suíte para execução local...
09/09/2019 18:52:54  INFO [           main] b.c.s.a.s.l.TestListener : Teste Test_0001_AberturaECredenciamento teve sucesso ...
09/09/2019 18:52:55  INFO [           main] b.c.s.a.s.l.SuiteListener : Finalizando a suíte de teste...
09/09/2019 18:52:55  INFO [           main] b.c.s.a.s.c.LoopRunner : LOOP=false
09/09/2019 18:53:36  INFO [           main] b.c.s.a.s.c.TestNgSuiteRunner : ------------------------ Início da execução ------------------------
09/09/2019 18:53:36  INFO [           main] b.c.s.a.s.c.TestNgSuiteRunner : Gerando suíte para execução local...
09/09/2019 20:10:11  INFO [           main] b.c.s.a.s.c.TestNgSuiteRunner : ------------------------ Início da execução ------------------------
09/09/2019 20:10:11  INFO [           main] b.c.s.a.s.c.TestNgSuiteRunner : Gerando suíte para execução local...
09/09/2019 20:11:48  INFO [           main] b.c.s.a.s.c.TestNgSuiteRunner : ------------------------ Início da execução ------------------------
09/09/2019 20:11:48  INFO [           main] b.c.s.a.s.c.TestNgSuiteRunner : Gerando suíte para execução local...
