12/09/2019 09:21:26  INFO [           main] b.c.s.a.s.c.TestNgSuiteRunner : ------------------------ Início da execução ------------------------
12/09/2019 09:21:26  INFO [           main] b.c.s.a.s.c.TestNgSuiteRunner : Gerando suíte para execução local...
12/09/2019 09:41:55  INFO [           main] b.c.s.a.s.c.TestNgSuiteRunner : ------------------------ Início da execução ------------------------
12/09/2019 09:41:55  INFO [           main] b.c.s.a.s.c.TestNgSuiteRunner : Gerando suíte para execução local...
12/09/2019 10:17:43  INFO [           main] b.c.s.a.s.c.TestNgSuiteRunner : ------------------------ Início da execução ------------------------
12/09/2019 10:17:43  INFO [           main] b.c.s.a.s.c.TestNgSuiteRunner : Gerando suíte para execução local...
12/09/2019 10:25:52  INFO [           main] b.c.s.a.s.c.TestNgSuiteRunner : ------------------------ Início da execução ------------------------
12/09/2019 10:25:52  INFO [           main] b.c.s.a.s.c.TestNgSuiteRunner : Gerando suíte para execução local...
12/09/2019 10:27:05  INFO [           main] b.c.s.a.s.l.TestListener : Teste Test_0001_AberturaECredenciamento falhou ...
12/09/2019 10:27:05  INFO [           main] b.c.s.a.s.l.SuiteListener : Finalizando a suíte de teste...
12/09/2019 10:27:05  INFO [           main] b.c.s.a.s.c.LoopRunner : LOOP=false
12/09/2019 10:27:42  INFO [           main] b.c.s.a.s.c.TestNgSuiteRunner : ------------------------ Início da execução ------------------------
12/09/2019 10:27:42  INFO [           main] b.c.s.a.s.c.TestNgSuiteRunner : Gerando suíte para execução local...
12/09/2019 10:28:53  INFO [           main] b.c.s.a.s.l.TestListener : Teste Test_0001_AberturaECredenciamento falhou ...
12/09/2019 10:28:53  INFO [           main] b.c.s.a.s.l.SuiteListener : Finalizando a suíte de teste...
12/09/2019 10:28:53  INFO [           main] b.c.s.a.s.c.LoopRunner : LOOP=false
12/09/2019 10:30:26  INFO [           main] b.c.s.a.s.c.TestNgSuiteRunner : ------------------------ Início da execução ------------------------
12/09/2019 10:30:26  INFO [           main] b.c.s.a.s.c.TestNgSuiteRunner : Gerando suíte para execução local...
12/09/2019 10:32:00  INFO [           main] b.c.s.a.s.l.TestListener : Teste Test_0001_AberturaECredenciamento teve sucesso ...
12/09/2019 10:32:00  INFO [           main] b.c.s.a.s.l.SuiteListener : Finalizando a suíte de teste...
12/09/2019 10:32:00  INFO [           main] b.c.s.a.s.c.LoopRunner : LOOP=false
12/09/2019 10:34:01  INFO [           main] b.c.s.a.s.c.TestNgSuiteRunner : ------------------------ Início da execução ------------------------
12/09/2019 10:34:01  INFO [           main] b.c.s.a.s.c.TestNgSuiteRunner : Gerando suíte para execução local...
12/09/2019 10:54:45  INFO [           main] b.c.s.a.s.c.TestNgSuiteRunner : ------------------------ Início da execução ------------------------
12/09/2019 10:54:45  INFO [           main] b.c.s.a.s.c.TestNgSuiteRunner : Gerando suíte para execução local...
12/09/2019 10:56:16  INFO [           main] b.c.s.a.s.c.TestNgSuiteRunner : ------------------------ Início da execução ------------------------
12/09/2019 10:56:16  INFO [           main] b.c.s.a.s.c.TestNgSuiteRunner : Gerando suíte para execução local...
12/09/2019 16:34:52  INFO [           main] b.c.s.a.s.c.TestNgSuiteRunner : ------------------------ Início da execução ------------------------
12/09/2019 16:34:52  INFO [           main] b.c.s.a.s.c.TestNgSuiteRunner : Gerando suíte para execução local...
12/09/2019 16:35:37  INFO [           main] b.c.s.a.s.c.TestNgSuiteRunner : ------------------------ Início da execução ------------------------
12/09/2019 16:35:37  INFO [           main] b.c.s.a.s.c.TestNgSuiteRunner : Gerando suíte para execução local...
12/09/2019 16:46:26  INFO [           main] b.c.s.a.s.c.TestNgSuiteRunner : ------------------------ Início da execução ------------------------
12/09/2019 16:46:26  INFO [           main] b.c.s.a.s.c.TestNgSuiteRunner : Gerando suíte para execução local...
12/09/2019 17:02:38  INFO [           main] b.c.s.a.s.c.TestNgSuiteRunner : ------------------------ Início da execução ------------------------
12/09/2019 17:02:38  INFO [           main] b.c.s.a.s.c.TestNgSuiteRunner : Gerando suíte para execução local...
12/09/2019 17:02:45  INFO [           main] b.c.s.a.s.l.TestListener : Teste Test_0001_AberturaECredenciamento falhou ...
12/09/2019 17:07:54  INFO [           main] b.c.s.a.s.c.TestNgSuiteRunner : ------------------------ Início da execução ------------------------
12/09/2019 17:07:54  INFO [           main] b.c.s.a.s.c.TestNgSuiteRunner : Gerando suíte para execução local...
12/09/2019 17:10:18  INFO [           main] b.c.s.a.s.c.TestNgSuiteRunner : ------------------------ Início da execução ------------------------
12/09/2019 17:10:18  INFO [           main] b.c.s.a.s.c.TestNgSuiteRunner : Gerando suíte para execução local...
12/09/2019 17:12:56  INFO [           main] b.c.s.a.s.c.TestNgSuiteRunner : ------------------------ Início da execução ------------------------
12/09/2019 17:12:56  INFO [           main] b.c.s.a.s.c.TestNgSuiteRunner : Gerando suíte para execução local...
12/09/2019 17:20:15  INFO [           main] b.c.s.a.s.c.TestNgSuiteRunner : ------------------------ Início da execução ------------------------
12/09/2019 17:20:15  INFO [           main] b.c.s.a.s.c.TestNgSuiteRunner : Gerando suíte para execução local...
12/09/2019 17:27:58  INFO [           main] b.c.s.a.s.c.TestNgSuiteRunner : ------------------------ Início da execução ------------------------
12/09/2019 17:27:58  INFO [           main] b.c.s.a.s.c.TestNgSuiteRunner : Gerando suíte para execução local...
12/09/2019 17:29:24  INFO [           main] b.c.s.a.s.c.TestNgSuiteRunner : ------------------------ Início da execução ------------------------
12/09/2019 17:29:24  INFO [           main] b.c.s.a.s.c.TestNgSuiteRunner : Gerando suíte para execução local...
12/09/2019 17:30:42  INFO [           main] b.c.s.a.s.c.TestNgSuiteRunner : ------------------------ Início da execução ------------------------
12/09/2019 17:30:42  INFO [           main] b.c.s.a.s.c.TestNgSuiteRunner : Gerando suíte para execução local...
12/09/2019 17:31:27  INFO [           main] b.c.s.a.s.l.TestListener : Teste Test_0001_AberturaECredenciamento falhou ...
12/09/2019 17:31:53  INFO [           main] b.c.s.a.s.c.TestNgSuiteRunner : ------------------------ Início da execução ------------------------
12/09/2019 17:31:53  INFO [           main] b.c.s.a.s.c.TestNgSuiteRunner : Gerando suíte para execução local...
12/09/2019 17:32:00  INFO [           main] b.c.s.a.s.c.TestNgSuiteRunner : ------------------------ Início da execução ------------------------
12/09/2019 17:32:00  INFO [           main] b.c.s.a.s.c.TestNgSuiteRunner : Gerando suíte para execução local...
12/09/2019 17:34:13  INFO [           main] b.c.s.a.s.c.TestNgSuiteRunner : ------------------------ Início da execução ------------------------
12/09/2019 17:34:13  INFO [           main] b.c.s.a.s.c.TestNgSuiteRunner : Gerando suíte para execução local...
12/09/2019 17:34:49  INFO [           main] b.c.s.a.s.l.TestListener : Teste Test_0001_AberturaECredenciamento falhou ...
12/09/2019 17:34:50  INFO [           main] b.c.s.a.s.l.SuiteListener : Finalizando a suíte de teste...
12/09/2019 17:34:50  INFO [           main] b.c.s.a.s.c.LoopRunner : LOOP=false
12/09/2019 17:37:34  INFO [           main] b.c.s.a.s.c.TestNgSuiteRunner : ------------------------ Início da execução ------------------------
12/09/2019 17:37:34  INFO [           main] b.c.s.a.s.c.TestNgSuiteRunner : Gerando suíte para execução local...
12/09/2019 17:39:21  INFO [           main] b.c.s.a.s.c.TestNgSuiteRunner : ------------------------ Início da execução ------------------------
12/09/2019 17:39:21  INFO [           main] b.c.s.a.s.c.TestNgSuiteRunner : Gerando suíte para execução local...
12/09/2019 17:40:16  INFO [           main] b.c.s.a.s.c.TestNgSuiteRunner : ------------------------ Início da execução ------------------------
12/09/2019 17:40:16  INFO [           main] b.c.s.a.s.c.TestNgSuiteRunner : Gerando suíte para execução local...
12/09/2019 17:40:31  INFO [           main] b.c.s.a.s.l.TestListener : Teste Test_0001_AberturaECredenciamento teve sucesso ...
12/09/2019 17:40:31  INFO [           main] b.c.s.a.s.l.SuiteListener : Finalizando a suíte de teste...
12/09/2019 17:40:31  INFO [           main] b.c.s.a.s.c.LoopRunner : LOOP=false
12/09/2019 17:45:01  INFO [           main] b.c.s.a.s.c.TestNgSuiteRunner : ------------------------ Início da execução ------------------------
12/09/2019 17:45:01  INFO [           main] b.c.s.a.s.c.TestNgSuiteRunner : Gerando suíte para execução local...
12/09/2019 17:46:29  INFO [           main] b.c.s.a.s.c.TestNgSuiteRunner : ------------------------ Início da execução ------------------------
12/09/2019 17:46:29  INFO [           main] b.c.s.a.s.c.TestNgSuiteRunner : Gerando suíte para execução local...
12/09/2019 17:47:34  INFO [           main] b.c.s.a.s.c.TestNgSuiteRunner : ------------------------ Início da execução ------------------------
12/09/2019 17:47:34  INFO [           main] b.c.s.a.s.c.TestNgSuiteRunner : Gerando suíte para execução local...
12/09/2019 17:47:49  INFO [           main] b.c.s.a.s.l.TestListener : Teste Test_0001_AberturaECredenciamento teve sucesso ...
12/09/2019 17:47:49  INFO [           main] b.c.s.a.s.l.SuiteListener : Finalizando a suíte de teste...
12/09/2019 17:47:49  INFO [           main] b.c.s.a.s.c.LoopRunner : LOOP=false
12/09/2019 17:52:01  INFO [           main] b.c.s.a.s.c.TestNgSuiteRunner : ------------------------ Início da execução ------------------------
12/09/2019 17:52:01  INFO [           main] b.c.s.a.s.c.TestNgSuiteRunner : Gerando suíte para execução local...
12/09/2019 17:54:01  INFO [           main] b.c.s.a.s.c.TestNgSuiteRunner : ------------------------ Início da execução ------------------------
12/09/2019 17:54:01  INFO [           main] b.c.s.a.s.c.TestNgSuiteRunner : Gerando suíte para execução local...
12/09/2019 17:54:33  INFO [           main] b.c.s.a.s.l.TestListener : Teste Test_0001_AberturaECredenciamento teve sucesso ...
12/09/2019 17:54:33  INFO [           main] b.c.s.a.s.l.SuiteListener : Finalizando a suíte de teste...
12/09/2019 17:54:33  INFO [           main] b.c.s.a.s.c.LoopRunner : LOOP=false
12/09/2019 17:58:20  INFO [           main] b.c.s.a.s.c.TestNgSuiteRunner : ------------------------ Início da execução ------------------------
12/09/2019 17:58:20  INFO [           main] b.c.s.a.s.c.TestNgSuiteRunner : Gerando suíte para execução local...
12/09/2019 17:58:35  INFO [           main] b.c.s.a.s.l.TestListener : Teste Test_0001_AberturaECredenciamento teve sucesso ...
12/09/2019 17:58:35  INFO [           main] b.c.s.a.s.l.SuiteListener : Finalizando a suíte de teste...
12/09/2019 17:58:35  INFO [           main] b.c.s.a.s.c.LoopRunner : LOOP=false
12/09/2019 18:00:11  INFO [           main] b.c.s.a.s.c.TestNgSuiteRunner : ------------------------ Início da execução ------------------------
12/09/2019 18:00:11  INFO [           main] b.c.s.a.s.c.TestNgSuiteRunner : Gerando suíte para execução local...
12/09/2019 18:02:40  INFO [           main] b.c.s.a.s.c.TestNgSuiteRunner : ------------------------ Início da execução ------------------------
12/09/2019 18:02:40  INFO [           main] b.c.s.a.s.c.TestNgSuiteRunner : Gerando suíte para execução local...
12/09/2019 18:02:56  INFO [           main] b.c.s.a.s.l.TestListener : Teste Test_0001_AberturaECredenciamento teve sucesso ...
12/09/2019 18:02:56  INFO [           main] b.c.s.a.s.l.SuiteListener : Finalizando a suíte de teste...
12/09/2019 18:02:56  INFO [           main] b.c.s.a.s.c.LoopRunner : LOOP=false
12/09/2019 18:04:06  INFO [           main] b.c.s.a.s.c.TestNgSuiteRunner : ------------------------ Início da execução ------------------------
12/09/2019 18:04:06  INFO [           main] b.c.s.a.s.c.TestNgSuiteRunner : Gerando suíte para execução local...
12/09/2019 18:07:14  INFO [           main] b.c.s.a.s.c.TestNgSuiteRunner : ------------------------ Início da execução ------------------------
12/09/2019 18:07:14  INFO [           main] b.c.s.a.s.c.TestNgSuiteRunner : Gerando suíte para execução local...
12/09/2019 18:07:28  INFO [           main] b.c.s.a.s.l.TestListener : Teste Test_0001_AberturaECredenciamento teve sucesso ...
12/09/2019 18:07:29  INFO [           main] b.c.s.a.s.l.SuiteListener : Finalizando a suíte de teste...
12/09/2019 18:07:29  INFO [           main] b.c.s.a.s.c.LoopRunner : LOOP=false
