16/09/2019 09:24:02  INFO [           main] b.c.s.a.s.c.TestNgSuiteRunner : ------------------------ Início da execução ------------------------
16/09/2019 09:24:02  INFO [           main] b.c.s.a.s.c.TestNgSuiteRunner : Gerando suíte para execução local...
16/09/2019 09:35:18  INFO [           main] b.c.s.a.s.c.TestNgSuiteRunner : ------------------------ Início da execução ------------------------
16/09/2019 09:35:18  INFO [           main] b.c.s.a.s.c.TestNgSuiteRunner : Gerando suíte para execução local...
16/09/2019 09:51:14  INFO [           main] b.c.s.a.s.c.TestNgSuiteRunner : ------------------------ Início da execução ------------------------
16/09/2019 09:51:14  INFO [           main] b.c.s.a.s.c.TestNgSuiteRunner : Gerando suíte para execução local...
16/09/2019 09:59:19  INFO [           main] b.c.s.a.s.c.TestNgSuiteRunner : ------------------------ Início da execução ------------------------
16/09/2019 09:59:19  INFO [           main] b.c.s.a.s.c.TestNgSuiteRunner : Gerando suíte para execução local...
16/09/2019 09:59:47  INFO [           main] b.c.s.a.s.c.TestNgSuiteRunner : ------------------------ Início da execução ------------------------
16/09/2019 09:59:47  INFO [           main] b.c.s.a.s.c.TestNgSuiteRunner : Gerando suíte para execução local...
16/09/2019 10:00:37  INFO [           main] b.c.s.a.s.c.TestNgSuiteRunner : ------------------------ Início da execução ------------------------
16/09/2019 10:00:37  INFO [           main] b.c.s.a.s.c.TestNgSuiteRunner : Gerando suíte para execução local...
16/09/2019 10:02:59  INFO [           main] b.c.s.a.s.c.TestNgSuiteRunner : ------------------------ Início da execução ------------------------
16/09/2019 10:02:59  INFO [           main] b.c.s.a.s.c.TestNgSuiteRunner : Gerando suíte para execução local...
16/09/2019 10:03:20  INFO [           main] b.c.s.a.s.c.TestNgSuiteRunner : ------------------------ Início da execução ------------------------
16/09/2019 10:03:20  INFO [           main] b.c.s.a.s.c.TestNgSuiteRunner : Gerando suíte para execução local...
16/09/2019 10:07:06  INFO [           main] b.c.s.a.s.c.TestNgSuiteRunner : ------------------------ Início da execução ------------------------
16/09/2019 10:07:06  INFO [           main] b.c.s.a.s.c.TestNgSuiteRunner : Gerando suíte para execução local...
16/09/2019 10:07:34  INFO [           main] b.c.s.a.s.c.TestNgSuiteRunner : ------------------------ Início da execução ------------------------
16/09/2019 10:07:34  INFO [           main] b.c.s.a.s.c.TestNgSuiteRunner : Gerando suíte para execução local...
16/09/2019 10:07:57  INFO [           main] b.c.s.a.s.c.TestNgSuiteRunner : ------------------------ Início da execução ------------------------
16/09/2019 10:07:57  INFO [           main] b.c.s.a.s.c.TestNgSuiteRunner : Gerando suíte para execução local...
16/09/2019 10:12:13  INFO [           main] b.c.s.a.s.c.TestNgSuiteRunner : ------------------------ Início da execução ------------------------
16/09/2019 10:12:13  INFO [           main] b.c.s.a.s.c.TestNgSuiteRunner : Gerando suíte para execução local...
16/09/2019 10:13:14  INFO [           main] b.c.s.a.s.c.TestNgSuiteRunner : ------------------------ Início da execução ------------------------
16/09/2019 10:13:14  INFO [           main] b.c.s.a.s.c.TestNgSuiteRunner : Gerando suíte para execução local...
16/09/2019 10:14:23  INFO [           main] b.c.s.a.s.l.TestListener : Test_1234 falhou ...
16/09/2019 10:14:23  INFO [           main] b.c.s.a.s.l.SuiteListener : Finalizando a suíte de teste...
16/09/2019 10:14:23  INFO [           main] b.c.s.a.s.c.LoopRunner : LOOP=false
16/09/2019 10:15:51  INFO [           main] b.c.s.a.s.c.TestNgSuiteRunner : ------------------------ Início da execução ------------------------
16/09/2019 10:15:51  INFO [           main] b.c.s.a.s.c.TestNgSuiteRunner : Gerando suíte para execução local...
16/09/2019 10:17:00  INFO [           main] b.c.s.a.s.l.TestListener : Test_1234 falhou ...
16/09/2019 10:17:00  INFO [           main] b.c.s.a.s.l.SuiteListener : Finalizando a suíte de teste...
16/09/2019 10:17:00  INFO [           main] b.c.s.a.s.c.LoopRunner : LOOP=false
16/09/2019 10:20:12  INFO [           main] b.c.s.a.s.c.TestNgSuiteRunner : ------------------------ Início da execução ------------------------
16/09/2019 10:20:12  INFO [           main] b.c.s.a.s.c.TestNgSuiteRunner : Gerando suíte para execução local...
16/09/2019 10:21:20  INFO [           main] b.c.s.a.s.l.TestListener : Test_1234 falhou ...
16/09/2019 10:21:20  INFO [           main] b.c.s.a.s.l.SuiteListener : Finalizando a suíte de teste...
16/09/2019 10:21:20  INFO [           main] b.c.s.a.s.c.LoopRunner : LOOP=false
16/09/2019 10:24:41  INFO [           main] b.c.s.a.s.c.TestNgSuiteRunner : ------------------------ Início da execução ------------------------
16/09/2019 10:24:41  INFO [           main] b.c.s.a.s.c.TestNgSuiteRunner : Gerando suíte para execução local...
16/09/2019 10:25:50  INFO [           main] b.c.s.a.s.l.TestListener : Test_1234 falhou ...
16/09/2019 10:25:50  INFO [           main] b.c.s.a.s.l.SuiteListener : Finalizando a suíte de teste...
16/09/2019 10:25:50  INFO [           main] b.c.s.a.s.c.LoopRunner : LOOP=false
16/09/2019 10:26:45  INFO [           main] b.c.s.a.s.c.TestNgSuiteRunner : ------------------------ Início da execução ------------------------
16/09/2019 10:26:45  INFO [           main] b.c.s.a.s.c.TestNgSuiteRunner : Gerando suíte para execução local...
16/09/2019 10:27:54  INFO [           main] b.c.s.a.s.l.TestListener : Test_1234 falhou ...
16/09/2019 10:27:54  INFO [           main] b.c.s.a.s.l.SuiteListener : Finalizando a suíte de teste...
16/09/2019 10:27:54  INFO [           main] b.c.s.a.s.c.LoopRunner : LOOP=false
16/09/2019 10:30:34  INFO [           main] b.c.s.a.s.c.TestNgSuiteRunner : ------------------------ Início da execução ------------------------
16/09/2019 10:30:34  INFO [           main] b.c.s.a.s.c.TestNgSuiteRunner : Gerando suíte para execução local...
16/09/2019 10:32:38  INFO [           main] b.c.s.a.s.c.TestNgSuiteRunner : ------------------------ Início da execução ------------------------
16/09/2019 10:32:38  INFO [           main] b.c.s.a.s.c.TestNgSuiteRunner : Gerando suíte para execução local...
16/09/2019 10:48:20  INFO [           main] b.c.s.a.s.c.TestNgSuiteRunner : ------------------------ Início da execução ------------------------
16/09/2019 10:48:20  INFO [           main] b.c.s.a.s.c.TestNgSuiteRunner : Gerando suíte para execução local...
16/09/2019 10:49:28  INFO [           main] b.c.s.a.s.l.TestListener : Test_1234 falhou ...
16/09/2019 10:49:29  INFO [           main] b.c.s.a.s.l.SuiteListener : Finalizando a suíte de teste...
16/09/2019 10:49:29  INFO [           main] b.c.s.a.s.c.LoopRunner : LOOP=false
16/09/2019 10:50:27  INFO [           main] b.c.s.a.s.c.TestNgSuiteRunner : ------------------------ Início da execução ------------------------
16/09/2019 10:50:27  INFO [           main] b.c.s.a.s.c.TestNgSuiteRunner : Gerando suíte para execução local...
16/09/2019 10:54:01  INFO [           main] b.c.s.a.s.c.TestNgSuiteRunner : ------------------------ Início da execução ------------------------
16/09/2019 10:54:01  INFO [           main] b.c.s.a.s.c.TestNgSuiteRunner : Gerando suíte para execução local...
16/09/2019 10:55:44  INFO [           main] b.c.s.a.s.c.TestNgSuiteRunner : ------------------------ Início da execução ------------------------
16/09/2019 10:55:44  INFO [           main] b.c.s.a.s.c.TestNgSuiteRunner : Gerando suíte para execução local...
16/09/2019 10:57:10  INFO [           main] b.c.s.a.s.c.TestNgSuiteRunner : ------------------------ Início da execução ------------------------
16/09/2019 10:57:10  INFO [           main] b.c.s.a.s.c.TestNgSuiteRunner : Gerando suíte para execução local...
16/09/2019 10:58:19  INFO [           main] b.c.s.a.s.c.TestNgSuiteRunner : ------------------------ Início da execução ------------------------
16/09/2019 10:58:19  INFO [           main] b.c.s.a.s.c.TestNgSuiteRunner : Gerando suíte para execução local...
16/09/2019 11:00:29  INFO [           main] b.c.s.a.s.c.TestNgSuiteRunner : ------------------------ Início da execução ------------------------
16/09/2019 11:00:29  INFO [           main] b.c.s.a.s.c.TestNgSuiteRunner : Gerando suíte para execução local...
16/09/2019 11:02:23  INFO [           main] b.c.s.a.s.c.TestNgSuiteRunner : ------------------------ Início da execução ------------------------
16/09/2019 11:02:23  INFO [           main] b.c.s.a.s.c.TestNgSuiteRunner : Gerando suíte para execução local...
16/09/2019 11:05:18  INFO [           main] b.c.s.a.s.c.TestNgSuiteRunner : ------------------------ Início da execução ------------------------
16/09/2019 11:05:18  INFO [           main] b.c.s.a.s.c.TestNgSuiteRunner : Gerando suíte para execução local...
16/09/2019 11:08:42  INFO [           main] b.c.s.a.s.c.TestNgSuiteRunner : ------------------------ Início da execução ------------------------
16/09/2019 11:08:42  INFO [           main] b.c.s.a.s.c.TestNgSuiteRunner : Gerando suíte para execução local...
16/09/2019 11:08:56  INFO [           main] b.c.s.a.s.c.TestNgSuiteRunner : ------------------------ Início da execução ------------------------
16/09/2019 11:08:56  INFO [           main] b.c.s.a.s.c.TestNgSuiteRunner : Gerando suíte para execução local...
16/09/2019 11:11:21  INFO [           main] b.c.s.a.s.c.TestNgSuiteRunner : ------------------------ Início da execução ------------------------
16/09/2019 11:11:21  INFO [           main] b.c.s.a.s.c.TestNgSuiteRunner : Gerando suíte para execução local...
16/09/2019 11:13:29  INFO [           main] b.c.s.a.s.c.TestNgSuiteRunner : ------------------------ Início da execução ------------------------
16/09/2019 11:13:29  INFO [           main] b.c.s.a.s.c.TestNgSuiteRunner : Gerando suíte para execução local...
16/09/2019 11:14:38  INFO [           main] b.c.s.a.s.l.TestListener : Test_1234 falhou ...
16/09/2019 11:14:38  INFO [           main] b.c.s.a.s.l.SuiteListener : Finalizando a suíte de teste...
16/09/2019 11:14:38  INFO [           main] b.c.s.a.s.c.LoopRunner : LOOP=false
16/09/2019 11:16:03  INFO [           main] b.c.s.a.s.c.TestNgSuiteRunner : ------------------------ Início da execução ------------------------
16/09/2019 11:16:03  INFO [           main] b.c.s.a.s.c.TestNgSuiteRunner : Gerando suíte para execução local...
16/09/2019 11:17:12  INFO [           main] b.c.s.a.s.l.TestListener : Test_1234 falhou ...
16/09/2019 11:17:12  INFO [           main] b.c.s.a.s.l.SuiteListener : Finalizando a suíte de teste...
16/09/2019 11:17:12  INFO [           main] b.c.s.a.s.c.LoopRunner : LOOP=false
16/09/2019 11:21:50  INFO [           main] b.c.s.a.s.c.TestNgSuiteRunner : ------------------------ Início da execução ------------------------
16/09/2019 11:21:50  INFO [           main] b.c.s.a.s.c.TestNgSuiteRunner : Gerando suíte para execução local...
16/09/2019 11:22:47  INFO [           main] b.c.s.a.s.c.TestNgSuiteRunner : ------------------------ Início da execução ------------------------
16/09/2019 11:22:47  INFO [           main] b.c.s.a.s.c.TestNgSuiteRunner : Gerando suíte para execução local...
16/09/2019 11:23:27  INFO [           main] b.c.s.a.s.c.TestNgSuiteRunner : ------------------------ Início da execução ------------------------
16/09/2019 11:23:27  INFO [           main] b.c.s.a.s.c.TestNgSuiteRunner : Gerando suíte para execução local...
16/09/2019 11:24:27  INFO [           main] b.c.s.a.s.c.TestNgSuiteRunner : ------------------------ Início da execução ------------------------
16/09/2019 11:24:27  INFO [           main] b.c.s.a.s.c.TestNgSuiteRunner : Gerando suíte para execução local...
16/09/2019 11:24:40  INFO [           main] b.c.s.a.s.l.TestListener : Test_1234 teve sucesso ...
16/09/2019 11:24:40  INFO [           main] b.c.s.a.s.l.SuiteListener : Finalizando a suíte de teste...
16/09/2019 11:24:40  INFO [           main] b.c.s.a.s.c.LoopRunner : LOOP=false
16/09/2019 12:06:10  INFO [           main] b.c.s.a.s.c.TestNgSuiteRunner : ------------------------ Início da execução ------------------------
16/09/2019 12:06:10  INFO [           main] b.c.s.a.s.c.TestNgSuiteRunner : Gerando suíte para execução local...
16/09/2019 12:06:24  INFO [           main] b.c.s.a.s.l.TestListener : Test_1234 teve sucesso ...
16/09/2019 12:06:25  INFO [           main] b.c.s.a.s.l.SuiteListener : Finalizando a suíte de teste...
16/09/2019 12:06:25  INFO [           main] b.c.s.a.s.c.LoopRunner : LOOP=false
16/09/2019 12:07:08  INFO [           main] b.c.s.a.s.c.TestNgSuiteRunner : ------------------------ Início da execução ------------------------
16/09/2019 12:07:08  INFO [           main] b.c.s.a.s.c.TestNgSuiteRunner : Gerando suíte para execução local...
16/09/2019 12:07:21  INFO [           main] b.c.s.a.s.l.TestListener : Test_1234 teve sucesso ...
16/09/2019 12:07:21  INFO [           main] b.c.s.a.s.l.SuiteListener : Finalizando a suíte de teste...
16/09/2019 12:07:21  INFO [           main] b.c.s.a.s.c.LoopRunner : LOOP=false
16/09/2019 12:09:34  INFO [           main] b.c.s.a.s.c.TestNgSuiteRunner : ------------------------ Início da execução ------------------------
16/09/2019 12:09:34  INFO [           main] b.c.s.a.s.c.TestNgSuiteRunner : Gerando suíte para execução local...
16/09/2019 12:09:53  INFO [           main] b.c.s.a.s.l.TestListener : Test_1234 teve sucesso ...
16/09/2019 12:11:27  INFO [           main] b.c.s.a.s.c.TestNgSuiteRunner : ------------------------ Início da execução ------------------------
16/09/2019 12:11:27  INFO [           main] b.c.s.a.s.c.TestNgSuiteRunner : Gerando suíte para execução local...
16/09/2019 12:11:42  INFO [           main] b.c.s.a.s.l.TestListener : Test_1234 teve sucesso ...
16/09/2019 12:13:35  INFO [           main] b.c.s.a.s.c.TestNgSuiteRunner : ------------------------ Início da execução ------------------------
16/09/2019 12:13:35  INFO [           main] b.c.s.a.s.c.TestNgSuiteRunner : Gerando suíte para execução local...
16/09/2019 12:13:49  INFO [           main] b.c.s.a.s.l.TestListener : Test_1234 teve sucesso ...
16/09/2019 12:14:24  INFO [           main] b.c.s.a.s.l.SuiteListener : Finalizando a suíte de teste...
16/09/2019 12:14:24  INFO [           main] b.c.s.a.s.c.LoopRunner : LOOP=false
16/09/2019 12:15:26  INFO [           main] b.c.s.a.s.c.TestNgSuiteRunner : ------------------------ Início da execução ------------------------
16/09/2019 12:15:26  INFO [           main] b.c.s.a.s.c.TestNgSuiteRunner : Gerando suíte para execução local...
16/09/2019 12:15:41  INFO [           main] b.c.s.a.s.l.TestListener : Test_1234 teve sucesso ...
16/09/2019 12:15:41  INFO [           main] b.c.s.a.s.l.SuiteListener : Finalizando a suíte de teste...
16/09/2019 12:15:41  INFO [           main] b.c.s.a.s.c.LoopRunner : LOOP=false
16/09/2019 12:17:40  INFO [           main] b.c.s.a.s.c.TestNgSuiteRunner : ------------------------ Início da execução ------------------------
16/09/2019 12:17:40  INFO [           main] b.c.s.a.s.c.TestNgSuiteRunner : Gerando suíte para execução local...
16/09/2019 12:17:54  INFO [           main] b.c.s.a.s.l.TestListener : Test_1234 teve sucesso ...
16/09/2019 12:17:54  INFO [           main] b.c.s.a.s.l.SuiteListener : Finalizando a suíte de teste...
16/09/2019 12:17:54  INFO [           main] b.c.s.a.s.c.LoopRunner : LOOP=false
16/09/2019 12:19:00  INFO [           main] b.c.s.a.s.c.TestNgSuiteRunner : ------------------------ Início da execução ------------------------
16/09/2019 12:19:00  INFO [           main] b.c.s.a.s.c.TestNgSuiteRunner : Gerando suíte para execução local...
16/09/2019 12:19:13  INFO [           main] b.c.s.a.s.l.TestListener : Test_1234 teve sucesso ...
16/09/2019 12:19:13  INFO [           main] b.c.s.a.s.l.SuiteListener : Finalizando a suíte de teste...
16/09/2019 12:19:13  INFO [           main] b.c.s.a.s.c.LoopRunner : LOOP=false
16/09/2019 12:20:08  INFO [           main] b.c.s.a.s.c.TestNgSuiteRunner : ------------------------ Início da execução ------------------------
16/09/2019 12:20:08  INFO [           main] b.c.s.a.s.c.TestNgSuiteRunner : Gerando suíte para execução local...
16/09/2019 12:20:21  INFO [           main] b.c.s.a.s.l.TestListener : Test_1234 falhou ...
16/09/2019 12:20:22  INFO [           main] b.c.s.a.s.l.SuiteListener : Finalizando a suíte de teste...
16/09/2019 12:20:22  INFO [           main] b.c.s.a.s.c.LoopRunner : LOOP=false
16/09/2019 12:20:46  INFO [           main] b.c.s.a.s.c.TestNgSuiteRunner : ------------------------ Início da execução ------------------------
16/09/2019 12:20:46  INFO [           main] b.c.s.a.s.c.TestNgSuiteRunner : Gerando suíte para execução local...
16/09/2019 14:01:54  INFO [           main] b.c.s.a.s.c.TestNgSuiteRunner : ------------------------ Início da execução ------------------------
16/09/2019 14:01:54  INFO [           main] b.c.s.a.s.c.TestNgSuiteRunner : Gerando suíte para execução local...
16/09/2019 14:02:08  INFO [           main] b.c.s.a.s.l.TestListener : Test_1234 falhou ...
16/09/2019 14:02:21  INFO [           main] b.c.s.a.s.l.TestListener : Test_1234 falhou ...
16/09/2019 14:02:21  INFO [           main] b.c.s.a.s.l.SuiteListener : Finalizando a suíte de teste...
16/09/2019 14:02:21  INFO [           main] b.c.s.a.s.c.LoopRunner : LOOP=false
16/09/2019 14:03:37  INFO [           main] b.c.s.a.s.c.TestNgSuiteRunner : ------------------------ Início da execução ------------------------
16/09/2019 14:03:37  INFO [           main] b.c.s.a.s.c.TestNgSuiteRunner : Gerando suíte para execução local...
16/09/2019 14:03:57  INFO [           main] b.c.s.a.s.l.TestListener : Test_1234 falhou ...
16/09/2019 14:04:10  INFO [           main] b.c.s.a.s.l.TestListener : Test_1234 falhou ...
16/09/2019 14:04:10  INFO [           main] b.c.s.a.s.l.SuiteListener : Finalizando a suíte de teste...
16/09/2019 14:04:10  INFO [           main] b.c.s.a.s.c.LoopRunner : LOOP=false
16/09/2019 14:05:57  INFO [           main] b.c.s.a.s.c.TestNgSuiteRunner : ------------------------ Início da execução ------------------------
16/09/2019 14:05:57  INFO [           main] b.c.s.a.s.c.TestNgSuiteRunner : Gerando suíte para execução local...
16/09/2019 14:06:10  INFO [           main] b.c.s.a.s.l.TestListener : Test_1234 falhou ...
16/09/2019 14:06:31  INFO [           main] b.c.s.a.s.c.TestNgSuiteRunner : ------------------------ Início da execução ------------------------
16/09/2019 14:06:31  INFO [           main] b.c.s.a.s.c.TestNgSuiteRunner : Gerando suíte para execução local...
16/09/2019 14:06:46  INFO [           main] b.c.s.a.s.l.TestListener : Test_1234 teve sucesso ...
16/09/2019 14:12:14  INFO [           main] b.c.s.a.s.c.TestNgSuiteRunner : ------------------------ Início da execução ------------------------
16/09/2019 14:12:14  INFO [           main] b.c.s.a.s.c.TestNgSuiteRunner : Gerando suíte para execução local...
16/09/2019 14:18:27  INFO [           main] b.c.s.a.s.c.TestNgSuiteRunner : ------------------------ Início da execução ------------------------
16/09/2019 14:18:27  INFO [           main] b.c.s.a.s.c.TestNgSuiteRunner : Gerando suíte para execução local...
16/09/2019 14:19:36  INFO [           main] b.c.s.a.s.l.TestListener : Test_1234 falhou ...
16/09/2019 14:19:37  INFO [           main] b.c.s.a.s.l.SuiteListener : Finalizando a suíte de teste...
16/09/2019 14:19:37  INFO [           main] b.c.s.a.s.c.LoopRunner : LOOP=false
16/09/2019 14:40:47  INFO [           main] b.c.s.a.s.c.TestNgSuiteRunner : ------------------------ Início da execução ------------------------
16/09/2019 14:40:47  INFO [           main] b.c.s.a.s.c.TestNgSuiteRunner : Gerando suíte para execução local...
16/09/2019 14:42:17  INFO [           main] b.c.s.a.s.c.TestNgSuiteRunner : ------------------------ Início da execução ------------------------
16/09/2019 14:42:17  INFO [           main] b.c.s.a.s.c.TestNgSuiteRunner : Gerando suíte para execução local...
16/09/2019 14:45:04  INFO [           main] b.c.s.a.s.c.TestNgSuiteRunner : ------------------------ Início da execução ------------------------
16/09/2019 14:45:04  INFO [           main] b.c.s.a.s.c.TestNgSuiteRunner : Gerando suíte para execução local...
16/09/2019 14:47:38  INFO [           main] b.c.s.a.s.l.TestListener : Test_1234 falhou ...
16/09/2019 14:47:38  INFO [           main] b.c.s.a.s.l.SuiteListener : Finalizando a suíte de teste...
16/09/2019 14:47:38  INFO [           main] b.c.s.a.s.c.LoopRunner : LOOP=false
16/09/2019 14:49:31  INFO [           main] b.c.s.a.s.c.TestNgSuiteRunner : ------------------------ Início da execução ------------------------
16/09/2019 14:49:31  INFO [           main] b.c.s.a.s.c.TestNgSuiteRunner : Gerando suíte para execução local...
16/09/2019 14:52:38  INFO [           main] b.c.s.a.s.l.TestListener : Test_1234 falhou ...
16/09/2019 14:52:38  INFO [           main] b.c.s.a.s.l.SuiteListener : Finalizando a suíte de teste...
16/09/2019 14:52:38  INFO [           main] b.c.s.a.s.c.LoopRunner : LOOP=false
16/09/2019 15:12:31  INFO [           main] b.c.s.a.s.c.TestNgSuiteRunner : ------------------------ Início da execução ------------------------
16/09/2019 15:12:31  INFO [           main] b.c.s.a.s.c.TestNgSuiteRunner : Gerando suíte para execução local...
16/09/2019 15:14:20  INFO [           main] b.c.s.a.s.l.TestListener : Test_1234 falhou ...
16/09/2019 15:14:20  INFO [           main] b.c.s.a.s.l.SuiteListener : Finalizando a suíte de teste...
16/09/2019 15:14:20  INFO [           main] b.c.s.a.s.c.LoopRunner : LOOP=false
16/09/2019 15:40:04  INFO [           main] b.c.s.a.s.c.TestNgSuiteRunner : ------------------------ Início da execução ------------------------
16/09/2019 15:40:04  INFO [           main] b.c.s.a.s.c.TestNgSuiteRunner : Gerando suíte para execução local...
16/09/2019 15:42:58  INFO [           main] b.c.s.a.s.l.SuiteListener : Finalizando a suíte de teste...
16/09/2019 15:42:58  INFO [           main] b.c.s.a.s.c.LoopRunner : LOOP=false
16/09/2019 15:43:47  INFO [           main] b.c.s.a.s.c.TestNgSuiteRunner : ------------------------ Início da execução ------------------------
16/09/2019 15:43:47  INFO [           main] b.c.s.a.s.c.TestNgSuiteRunner : Gerando suíte para execução local...
16/09/2019 15:46:37  INFO [           main] b.c.s.a.s.l.SuiteListener : Finalizando a suíte de teste...
16/09/2019 15:46:37  INFO [           main] b.c.s.a.s.c.LoopRunner : LOOP=false
16/09/2019 15:51:10  INFO [           main] b.c.s.a.s.c.TestNgSuiteRunner : ------------------------ Início da execução ------------------------
16/09/2019 15:51:10  INFO [           main] b.c.s.a.s.c.TestNgSuiteRunner : Gerando suíte para execução local...
16/09/2019 15:54:19  INFO [           main] b.c.s.a.s.l.SuiteListener : Finalizando a suíte de teste...
16/09/2019 15:54:19  INFO [           main] b.c.s.a.s.c.LoopRunner : LOOP=false
16/09/2019 15:55:11  INFO [           main] b.c.s.a.s.c.TestNgSuiteRunner : ------------------------ Início da execução ------------------------
16/09/2019 15:55:11  INFO [           main] b.c.s.a.s.c.TestNgSuiteRunner : Gerando suíte para execução local...
16/09/2019 15:58:38  INFO [           main] b.c.s.a.s.l.SuiteListener : Finalizando a suíte de teste...
16/09/2019 15:58:38  INFO [           main] b.c.s.a.s.c.LoopRunner : LOOP=false
16/09/2019 16:02:06 ERROR [           main] b.c.s.a.s.GerenciadorDeArquivoListavel : É necessário remover os seguintes elementos duplicados:
'br.com.safra.app.teste.aberturaecredenciamento.TesteAberturaECredenciamento'
16/09/2019 16:02:46  INFO [           main] b.c.s.a.s.c.TestNgSuiteRunner : ------------------------ Início da execução ------------------------
16/09/2019 16:02:46  INFO [           main] b.c.s.a.s.c.TestNgSuiteRunner : Gerando suíte para execução local...
16/09/2019 16:05:58  INFO [           main] b.c.s.a.s.l.SuiteListener : Finalizando a suíte de teste...
16/09/2019 16:05:58  INFO [           main] b.c.s.a.s.c.LoopRunner : LOOP=false
16/09/2019 17:17:37  INFO [           main] b.c.s.a.s.c.TestNgSuiteRunner : ------------------------ Início da execução ------------------------
16/09/2019 17:17:37  INFO [           main] b.c.s.a.s.c.TestNgSuiteRunner : Gerando suíte para execução local...
16/09/2019 17:20:07  INFO [           main] b.c.s.a.s.l.SuiteListener : Finalizando a suíte de teste...
16/09/2019 17:20:07  INFO [           main] b.c.s.a.s.c.LoopRunner : LOOP=false
16/09/2019 19:08:19  INFO [           main] b.c.s.a.s.c.TestNgSuiteRunner : ------------------------ Início da execução ------------------------
16/09/2019 19:08:19  INFO [           main] b.c.s.a.s.c.TestNgSuiteRunner : Gerando suíte para execução local...
16/09/2019 19:09:25  INFO [           main] b.c.s.a.s.c.TestNgSuiteRunner : ------------------------ Início da execução ------------------------
16/09/2019 19:09:25  INFO [           main] b.c.s.a.s.c.TestNgSuiteRunner : Gerando suíte para execução local...
16/09/2019 19:11:42  INFO [           main] b.c.s.a.s.c.TestNgSuiteRunner : ------------------------ Início da execução ------------------------
16/09/2019 19:11:42  INFO [           main] b.c.s.a.s.c.TestNgSuiteRunner : Gerando suíte para execução local...
16/09/2019 19:14:25  INFO [           main] b.c.s.a.s.c.TestNgSuiteRunner : ------------------------ Início da execução ------------------------
16/09/2019 19:14:25  INFO [           main] b.c.s.a.s.c.TestNgSuiteRunner : Gerando suíte para execução local...
16/09/2019 19:19:07  INFO [           main] b.c.s.a.s.c.TestNgSuiteRunner : ------------------------ Início da execução ------------------------
16/09/2019 19:19:07  INFO [           main] b.c.s.a.s.c.TestNgSuiteRunner : Gerando suíte para execução local...
16/09/2019 19:22:34  INFO [           main] b.c.s.a.s.c.TestNgSuiteRunner : ------------------------ Início da execução ------------------------
16/09/2019 19:22:34  INFO [           main] b.c.s.a.s.c.TestNgSuiteRunner : Gerando suíte para execução local...
16/09/2019 19:24:58  INFO [           main] b.c.s.a.s.c.TestNgSuiteRunner : ------------------------ Início da execução ------------------------
16/09/2019 19:24:58  INFO [           main] b.c.s.a.s.c.TestNgSuiteRunner : Gerando suíte para execução local...
